<?xml version="1.0" encoding="UTF-8"?>
<testsuite name="com.study.dubbo.ProviderApplicationTests" time="0.008" tests="1" errors="1" skipped="0" failures="0">
  <properties>
[...]
</properties>
  <testcase name="contextLoads" classname="com.study.dubbo.ProviderApplicationTests" time="0.008">
    <error message="Failed to load ApplicationContext" type="java.lang.IllegalStateException">java.lang.IllegalStateException: Failed to load ApplicationContext
	at org.springframework.test.context.cache.DefaultCacheAwareContextLoaderDelegate.loadContext(DefaultCacheAwareContextLoaderDelegate.java:124)
	at org.springframework.test.context.support.DefaultTestContext.getApplicationContext(DefaultTestContext.java:83)
	at org.springframework.test.context.support.DependencyInjectionTestExecutionListener.injectDependencies(DependencyInjectionTestExecutionListener.java:117)
	at org.springframework.test.context.support.DependencyInjectionTestExecutionListener.prepareTestInstance(DependencyInjectionTestExecutionListener.java:83)
	at org.springframework.boot.test.autoconfigure.SpringBootDependencyInjectionTestExecutionListener.prepareTestInstance(SpringBootDependencyInjectionTestExecutionListener.java:44)
	at org.springframework.test.context.TestContextManager.prepareTestInstance(TestContextManager.java:230)
	at org.springframework.test.context.junit4.SpringJUnit4ClassRunner.createTest(SpringJUnit4ClassRunner.java:228)
	at org.springframework.test.context.junit4.SpringJUnit4ClassRunner$1.runReflectiveCall(SpringJUnit4ClassRunner.java:287)
	at org.junit.internal.runners.model.ReflectiveCallable.run(ReflectiveCallable.java:12)
	at org.springframework.test.context.junit4.SpringJUnit4ClassRunner.methodBlock(SpringJUnit4ClassRunner.java:289)
	at org.springframework.test.context.junit4.SpringJUnit4ClassRunner.runChild(SpringJUnit4ClassRunner.java:247)
	at org.springframework.test.context.junit4.SpringJUnit4ClassRunner.runChild(SpringJUnit4ClassRunner.java:94)
	at org.junit.runners.ParentRunner$3.run(ParentRunner.java:290)
	at org.junit.runners.ParentRunner$1.schedule(ParentRunner.java:71)
	at org.junit.runners.ParentRunner.runChildren(ParentRunner.java:288)
	at org.junit.runners.ParentRunner.access$000(ParentRunner.java:58)
	at org.junit.runners.ParentRunner$2.evaluate(ParentRunner.java:268)
	at org.springframework.test.context.junit4.statements.RunBeforeTestClassCallbacks.evaluate(RunBeforeTestClassCallbacks.java:61)
	at org.springframework.test.context.junit4.statements.RunAfterTestClassCallbacks.evaluate(RunAfterTestClassCallbacks.java:70)
	at org.junit.runners.ParentRunner.run(ParentRunner.java:363)
	at org.springframework.test.context.junit4.SpringJUnit4ClassRunner.run(SpringJUnit4ClassRunner.java:191)
	at org.apache.maven.surefire.junit4.JUnit4Provider.execute(JUnit4Provider.java:283)
	at org.apache.maven.surefire.junit4.JUnit4Provider.executeWithRerun(JUnit4Provider.java:173)
	at org.apache.maven.surefire.junit4.JUnit4Provider.executeTestSet(JUnit4Provider.java:153)
	at org.apache.maven.surefire.junit4.JUnit4Provider.invoke(JUnit4Provider.java:128)
	at org.apache.maven.surefire.booter.ForkedBooter.invokeProviderInSameClassLoader(ForkedBooter.java:203)
	at org.apache.maven.surefire.booter.ForkedBooter.runSuitesInProcess(ForkedBooter.java:155)
	at org.apache.maven.surefire.booter.ForkedBooter.main(ForkedBooter.java:103)
Caused by: java.lang.IllegalArgumentException: Unresolvable class definition for class [com.study.dubbo.service.impl.ContactServiceImpl]
	at org.springframework.util.ClassUtils.resolveClassName(ClassUtils.java:291)
	at com.alibaba.dubbo.config.spring.beans.factory.annotation.ServiceAnnotationBeanPostProcessor.resolveClass(ServiceAnnotationBeanPostProcessor.java:348)
	at com.alibaba.dubbo.config.spring.beans.factory.annotation.ServiceAnnotationBeanPostProcessor.resolveClass(ServiceAnnotationBeanPostProcessor.java:340)
	at com.alibaba.dubbo.config.spring.beans.factory.annotation.ServiceAnnotationBeanPostProcessor.registerServiceBean(ServiceAnnotationBeanPostProcessor.java:247)
	at com.alibaba.dubbo.config.spring.beans.factory.annotation.ServiceAnnotationBeanPostProcessor.registerServiceBeans(ServiceAnnotationBeanPostProcessor.java:143)
	at com.alibaba.dubbo.config.spring.beans.factory.annotation.ServiceAnnotationBeanPostProcessor.postProcessBeanDefinitionRegistry(ServiceAnnotationBeanPostProcessor.java:104)
	at org.springframework.context.support.PostProcessorRegistrationDelegate.invokeBeanDefinitionRegistryPostProcessors(PostProcessorRegistrationDelegate.java:272)
	at org.springframework.context.support.PostProcessorRegistrationDelegate.invokeBeanFactoryPostProcessors(PostProcessorRegistrationDelegate.java:122)
	at org.springframework.context.support.AbstractApplicationContext.invokeBeanFactoryPostProcessors(AbstractApplicationContext.java:687)
	at org.springframework.context.support.AbstractApplicationContext.refresh(AbstractApplicationContext.java:524)
	at org.springframework.boot.SpringApplication.refresh(SpringApplication.java:693)
	at org.springframework.boot.SpringApplication.refreshContext(SpringApplication.java:360)
	at org.springframework.boot.SpringApplication.run(SpringApplication.java:303)
	at org.springframework.boot.test.context.SpringBootContextLoader.loadContext(SpringBootContextLoader.java:121)
	at org.springframework.test.context.cache.DefaultCacheAwareContextLoaderDelegate.loadContextInternal(DefaultCacheAwareContextLoaderDelegate.java:98)
	at org.springframework.test.context.cache.DefaultCacheAwareContextLoaderDelegate.loadContext(DefaultCacheAwareContextLoaderDelegate.java:116)
	at org.springframework.test.context.support.DefaultTestContext.getApplicationContext(DefaultTestContext.java:83)
	at org.springframework.test.context.support.DependencyInjectionTestExecutionListener.injectDependencies(DependencyInjectionTestExecutionListener.java:117)
	at org.springframework.test.context.support.DependencyInjectionTestExecutionListener.prepareTestInstance(DependencyInjectionTestExecutionListener.java:83)
	at org.springframework.boot.test.autoconfigure.SpringBootDependencyInjectionTestExecutionListener.prepareTestInstance(SpringBootDependencyInjectionTestExecutionListener.java:44)
	at org.springframework.test.context.TestContextManager.prepareTestInstance(TestContextManager.java:230)
	at org.springframework.test.context.junit4.SpringJUnit4ClassRunner.createTest(SpringJUnit4ClassRunner.java:228)
	at org.springframework.test.context.junit4.SpringJUnit4ClassRunner$1.runReflectiveCall(SpringJUnit4ClassRunner.java:287)
	at org.junit.internal.runners.model.ReflectiveCallable.run(ReflectiveCallable.java:12)
	at org.springframework.test.context.junit4.SpringJUnit4ClassRunner.methodBlock(SpringJUnit4ClassRunner.java:289)
	at org.springframework.test.context.junit4.SpringJUnit4ClassRunner.runChild(SpringJUnit4ClassRunner.java:247)
	at org.springframework.test.context.junit4.SpringJUnit4ClassRunner.runChild(SpringJUnit4ClassRunner.java:94)
	at org.junit.runners.ParentRunner$3.run(ParentRunner.java:290)
	at org.junit.runners.ParentRunner$1.schedule(ParentRunner.java:71)
	at org.junit.runners.ParentRunner.runChildren(ParentRunner.java:288)
	at org.junit.runners.ParentRunner.access$000(ParentRunner.java:58)
	at org.junit.runners.ParentRunner$2.evaluate(ParentRunner.java:268)
	at org.springframework.test.context.junit4.statements.RunBeforeTestClassCallbacks.evaluate(RunBeforeTestClassCallbacks.java:61)
	at org.springframework.test.context.junit4.statements.RunAfterTestClassCallbacks.evaluate(RunAfterTestClassCallbacks.java:70)
	at org.junit.runners.ParentRunner.run(ParentRunner.java:363)
	at org.springframework.test.context.junit4.SpringJUnit4ClassRunner.run(SpringJUnit4ClassRunner.java:191)
	at org.apache.maven.surefire.junit4.JUnit4Provider.execute(JUnit4Provider.java:283)
	at org.apache.maven.surefire.junit4.JUnit4Provider.executeWithRerun(JUnit4Provider.java:173)
	at org.apache.maven.surefire.junit4.JUnit4Provider.executeTestSet(JUnit4Provider.java:153)
	at org.apache.maven.surefire.junit4.JUnit4Provider.invoke(JUnit4Provider.java:128)
	at org.apache.maven.surefire.booter.ForkedBooter.invokeProviderInSameClassLoader(ForkedBooter.java:203)
	at org.apache.maven.surefire.booter.ForkedBooter.runSuitesInProcess(ForkedBooter.java:155)
	at org.apache.maven.surefire.booter.ForkedBooter.main(ForkedBooter.java:103)
Caused by: java.lang.NoClassDefFoundError: com/study/dubbo/service/ContactService
	at java.lang.ClassLoader.defineClass1(Native Method)
	at java.lang.ClassLoader.defineClass(ClassLoader.java:763)
	at java.security.SecureClassLoader.defineClass(SecureClassLoader.java:142)
	at java.net.URLClassLoader.defineClass(URLClassLoader.java:467)
	at java.net.URLClassLoader.access$100(URLClassLoader.java:73)
	at java.net.URLClassLoader$1.run(URLClassLoader.java:368)
	at java.net.URLClassLoader$1.run(URLClassLoader.java:362)
	at java.security.AccessController.doPrivileged(Native Method)
	at java.net.URLClassLoader.findClass(URLClassLoader.java:361)
	at java.lang.ClassLoader.loadClass(ClassLoader.java:424)
	at sun.misc.Launcher$AppClassLoader.loadClass(Launcher.java:331)
	at java.lang.ClassLoader.loadClass(ClassLoader.java:357)
	at org.springframework.util.ClassUtils.forName(ClassUtils.java:251)
	at org.springframework.util.ClassUtils.resolveClassName(ClassUtils.java:285)
	at com.alibaba.dubbo.config.spring.beans.factory.annotation.ServiceAnnotationBeanPostProcessor.resolveClass(ServiceAnnotationBeanPostProcessor.java:348)
	at com.alibaba.dubbo.config.spring.beans.factory.annotation.ServiceAnnotationBeanPostProcessor.resolveClass(ServiceAnnotationBeanPostProcessor.java:340)
	at com.alibaba.dubbo.config.spring.beans.factory.annotation.ServiceAnnotationBeanPostProcessor.registerServiceBean(ServiceAnnotationBeanPostProcessor.java:247)
	at com.alibaba.dubbo.config.spring.beans.factory.annotation.ServiceAnnotationBeanPostProcessor.registerServiceBeans(ServiceAnnotationBeanPostProcessor.java:143)
	at com.alibaba.dubbo.config.spring.beans.factory.annotation.ServiceAnnotationBeanPostProcessor.postProcessBeanDefinitionRegistry(ServiceAnnotationBeanPostProcessor.java:104)
	at org.springframework.context.support.PostProcessorRegistrationDelegate.invokeBeanDefinitionRegistryPostProcessors(PostProcessorRegistrationDelegate.java:272)
	at org.springframework.context.support.PostProcessorRegistrationDelegate.invokeBeanFactoryPostProcessors(PostProcessorRegistrationDelegate.java:122)
	at org.springframework.context.support.AbstractApplicationContext.invokeBeanFactoryPostProcessors(AbstractApplicationContext.java:687)
	at org.springframework.context.support.AbstractApplicationContext.refresh(AbstractApplicationContext.java:524)
	at org.springframework.boot.SpringApplication.refresh(SpringApplication.java:693)
	at org.springframework.boot.SpringApplication.refreshContext(SpringApplication.java:360)
	at org.springframework.boot.SpringApplication.run(SpringApplication.java:303)
	at org.springframework.boot.test.context.SpringBootContextLoader.loadContext(SpringBootContextLoader.java:121)
	at org.springframework.test.context.cache.DefaultCacheAwareContextLoaderDelegate.loadContextInternal(DefaultCacheAwareContextLoaderDelegate.java:98)
	at org.springframework.test.context.cache.DefaultCacheAwareContextLoaderDelegate.loadContext(DefaultCacheAwareContextLoaderDelegate.java:116)
	at org.springframework.test.context.support.DefaultTestContext.getApplicationContext(DefaultTestContext.java:83)
	at org.springframework.test.context.support.DependencyInjectionTestExecutionListener.injectDependencies(DependencyInjectionTestExecutionListener.java:117)
	at org.springframework.test.context.support.DependencyInjectionTestExecutionListener.prepareTestInstance(DependencyInjectionTestExecutionListener.java:83)
	at org.springframework.boot.test.autoconfigure.SpringBootDependencyInjectionTestExecutionListener.prepareTestInstance(SpringBootDependencyInjectionTestExecutionListener.java:44)
	at org.springframework.test.context.TestContextManager.prepareTestInstance(TestContextManager.java:230)
	at org.springframework.test.context.junit4.SpringJUnit4ClassRunner.createTest(SpringJUnit4ClassRunner.java:228)
	at org.springframework.test.context.junit4.SpringJUnit4ClassRunner$1.runReflectiveCall(SpringJUnit4ClassRunner.java:287)
	at org.junit.internal.runners.model.ReflectiveCallable.run(ReflectiveCallable.java:12)
	at org.springframework.test.context.junit4.SpringJUnit4ClassRunner.methodBlock(SpringJUnit4ClassRunner.java:289)
	at org.springframework.test.context.junit4.SpringJUnit4ClassRunner.runChild(SpringJUnit4ClassRunner.java:247)
	at org.springframework.test.context.junit4.SpringJUnit4ClassRunner.runChild(SpringJUnit4ClassRunner.java:94)
	at org.junit.runners.ParentRunner$3.run(ParentRunner.java:290)
	at org.junit.runners.ParentRunner$1.schedule(ParentRunner.java:71)
	at org.junit.runners.ParentRunner.runChildren(ParentRunner.java:288)
	at org.junit.runners.ParentRunner.access$000(ParentRunner.java:58)
	at org.junit.runners.ParentRunner$2.evaluate(ParentRunner.java:268)
	at org.springframework.test.context.junit4.statements.RunBeforeTestClassCallbacks.evaluate(RunBeforeTestClassCallbacks.java:61)
	at org.springframework.test.context.junit4.statements.RunAfterTestClassCallbacks.evaluate(RunAfterTestClassCallbacks.java:70)
	at org.junit.runners.ParentRunner.run(ParentRunner.java:363)
	at org.springframework.test.context.junit4.SpringJUnit4ClassRunner.run(SpringJUnit4ClassRunner.java:191)
	at org.apache.maven.surefire.junit4.JUnit4Provider.execute(JUnit4Provider.java:283)
	at org.apache.maven.surefire.junit4.JUnit4Provider.executeWithRerun(JUnit4Provider.java:173)
	at org.apache.maven.surefire.junit4.JUnit4Provider.executeTestSet(JUnit4Provider.java:153)
	at org.apache.maven.surefire.junit4.JUnit4Provider.invoke(JUnit4Provider.java:128)
	at org.apache.maven.surefire.booter.ForkedBooter.invokeProviderInSameClassLoader(ForkedBooter.java:203)
	at org.apache.maven.surefire.booter.ForkedBooter.runSuitesInProcess(ForkedBooter.java:155)
	at org.apache.maven.surefire.booter.ForkedBooter.main(ForkedBooter.java:103)
Caused by: java.lang.ClassNotFoundException: com.study.dubbo.service.ContactService
	at java.net.URLClassLoader.findClass(URLClassLoader.java:381)
	at java.lang.ClassLoader.loadClass(ClassLoader.java:424)
	at sun.misc.Launcher$AppClassLoader.loadClass(Launcher.java:331)
	at java.lang.ClassLoader.loadClass(ClassLoader.java:357)
	at java.lang.ClassLoader.defineClass1(Native Method)
	at java.lang.ClassLoader.defineClass(ClassLoader.java:763)
	at java.security.SecureClassLoader.defineClass(SecureClassLoader.java:142)
	at java.net.URLClassLoader.defineClass(URLClassLoader.java:467)
	at java.net.URLClassLoader.access$100(URLClassLoader.java:73)
	at java.net.URLClassLoader$1.run(URLClassLoader.java:368)
	at java.net.URLClassLoader$1.run(URLClassLoader.java:362)
	at java.security.AccessController.doPrivileged(Native Method)
	at java.net.URLClassLoader.findClass(URLClassLoader.java:361)
	at java.lang.ClassLoader.loadClass(ClassLoader.java:424)
	at sun.misc.Launcher$AppClassLoader.loadClass(Launcher.java:331)
	at java.lang.ClassLoader.loadClass(ClassLoader.java:357)
	at org.springframework.util.ClassUtils.forName(ClassUtils.java:251)
	at org.springframework.util.ClassUtils.resolveClassName(ClassUtils.java:285)
	at com.alibaba.dubbo.config.spring.beans.factory.annotation.ServiceAnnotationBeanPostProcessor.resolveClass(ServiceAnnotationBeanPostProcessor.java:348)
	at com.alibaba.dubbo.config.spring.beans.factory.annotation.ServiceAnnotationBeanPostProcessor.resolveClass(ServiceAnnotationBeanPostProcessor.java:340)
	at com.alibaba.dubbo.config.spring.beans.factory.annotation.ServiceAnnotationBeanPostProcessor.registerServiceBean(ServiceAnnotationBeanPostProcessor.java:247)
	at com.alibaba.dubbo.config.spring.beans.factory.annotation.ServiceAnnotationBeanPostProcessor.registerServiceBeans(ServiceAnnotationBeanPostProcessor.java:143)
	at com.alibaba.dubbo.config.spring.beans.factory.annotation.ServiceAnnotationBeanPostProcessor.postProcessBeanDefinitionRegistry(ServiceAnnotationBeanPostProcessor.java:104)
	at org.springframework.context.support.PostProcessorRegistrationDelegate.invokeBeanDefinitionRegistryPostProcessors(PostProcessorRegistrationDelegate.java:272)
	at org.springframework.context.support.PostProcessorRegistrationDelegate.invokeBeanFactoryPostProcessors(PostProcessorRegistrationDelegate.java:122)
	at org.springframework.context.support.AbstractApplicationContext.invokeBeanFactoryPostProcessors(AbstractApplicationContext.java:687)
	at org.springframework.context.support.AbstractApplicationContext.refresh(AbstractApplicationContext.java:524)
	at org.springframework.boot.SpringApplication.refresh(SpringApplication.java:693)
	at org.springframework.boot.SpringApplication.refreshContext(SpringApplication.java:360)
	at org.springframework.boot.SpringApplication.run(SpringApplication.java:303)
	at org.springframework.boot.test.context.SpringBootContextLoader.loadContext(SpringBootContextLoader.java:121)
	at org.springframework.test.context.cache.DefaultCacheAwareContextLoaderDelegate.loadContextInternal(DefaultCacheAwareContextLoaderDelegate.java:98)
	at org.springframework.test.context.cache.DefaultCacheAwareContextLoaderDelegate.loadContext(DefaultCacheAwareContextLoaderDelegate.java:116)
	at org.springframework.test.context.support.DefaultTestContext.getApplicationContext(DefaultTestContext.java:83)
	at org.springframework.test.context.support.DependencyInjectionTestExecutionListener.injectDependencies(DependencyInjectionTestExecutionListener.java:117)
	at org.springframework.test.context.support.DependencyInjectionTestExecutionListener.prepareTestInstance(DependencyInjectionTestExecutionListener.java:83)
	at org.springframework.boot.test.autoconfigure.SpringBootDependencyInjectionTestExecutionListener.prepareTestInstance(SpringBootDependencyInjectionTestExecutionListener.java:44)
	at org.springframework.test.context.TestContextManager.prepareTestInstance(TestContextManager.java:230)
	at org.springframework.test.context.junit4.SpringJUnit4ClassRunner.createTest(SpringJUnit4ClassRunner.java:228)
	at org.springframework.test.context.junit4.SpringJUnit4ClassRunner$1.runReflectiveCall(SpringJUnit4ClassRunner.java:287)
	at org.junit.internal.runners.model.ReflectiveCallable.run(ReflectiveCallable.java:12)
	at org.springframework.test.context.junit4.SpringJUnit4ClassRunner.methodBlock(SpringJUnit4ClassRunner.java:289)
	at org.springframework.test.context.junit4.SpringJUnit4ClassRunner.runChild(SpringJUnit4ClassRunner.java:247)
	at org.springframework.test.context.junit4.SpringJUnit4ClassRunner.runChild(SpringJUnit4ClassRunner.java:94)
	at org.junit.runners.ParentRunner$3.run(ParentRunner.java:290)
	at org.junit.runners.ParentRunner$1.schedule(ParentRunner.java:71)
	at org.junit.runners.ParentRunner.runChildren(ParentRunner.java:288)
	at org.junit.runners.ParentRunner.access$000(ParentRunner.java:58)
	at org.junit.runners.ParentRunner$2.evaluate(ParentRunner.java:268)
	at org.springframework.test.context.junit4.statements.RunBeforeTestClassCallbacks.evaluate(RunBeforeTestClassCallbacks.java:61)
	at org.springframework.test.context.junit4.statements.RunAfterTestClassCallbacks.evaluate(RunAfterTestClassCallbacks.java:70)
	at org.junit.runners.ParentRunner.run(ParentRunner.java:363)
	at org.springframework.test.context.junit4.SpringJUnit4ClassRunner.run(SpringJUnit4ClassRunner.java:191)
	at org.apache.maven.surefire.junit4.JUnit4Provider.execute(JUnit4Provider.java:283)
	at org.apache.maven.surefire.junit4.JUnit4Provider.executeWithRerun(JUnit4Provider.java:173)
	at org.apache.maven.surefire.junit4.JUnit4Provider.executeTestSet(JUnit4Provider.java:153)
	at org.apache.maven.surefire.junit4.JUnit4Provider.invoke(JUnit4Provider.java:128)
	at org.apache.maven.surefire.booter.ForkedBooter.invokeProviderInSameClassLoader(ForkedBooter.java:203)
	at org.apache.maven.surefire.booter.ForkedBooter.runSuitesInProcess(ForkedBooter.java:155)
	at org.apache.maven.surefire.booter.ForkedBooter.main(ForkedBooter.java:103)
</error>
    <system-out><![CDATA[14:03:17.739 [main] DEBUG org.springframework.test.context.junit4.SpringJUnit4ClassRunner - SpringJUnit4ClassRunner constructor called with [class com.study.dubbo.ProviderApplicationTests]
14:03:17.745 [main] DEBUG org.springframework.test.context.BootstrapUtils - Instantiating CacheAwareContextLoaderDelegate from class [org.springframework.test.context.cache.DefaultCacheAwareContextLoaderDelegate]
14:03:17.752 [main] DEBUG org.springframework.test.context.BootstrapUtils - Instantiating BootstrapContext using constructor [public org.springframework.test.context.support.DefaultBootstrapContext(java.lang.Class,org.springframework.test.context.CacheAwareContextLoaderDelegate)]
14:03:17.767 [main] DEBUG org.springframework.test.context.BootstrapUtils - Instantiating TestContextBootstrapper for test class [com.study.dubbo.ProviderApplicationTests] from class [org.springframework.boot.test.context.SpringBootTestContextBootstrapper]
14:03:17.779 [main] INFO org.springframework.boot.test.context.SpringBootTestContextBootstrapper - Neither @ContextConfiguration nor @ContextHierarchy found for test class [com.study.dubbo.ProviderApplicationTests], using SpringBootContextLoader
14:03:17.782 [main] DEBUG org.springframework.test.context.support.AbstractContextLoader - Did not detect default resource location for test class [com.study.dubbo.ProviderApplicationTests]: class path resource [com/study/dubbo/ProviderApplicationTests-context.xml] does not exist
14:03:17.782 [main] DEBUG org.springframework.test.context.support.AbstractContextLoader - Did not detect default resource location for test class [com.study.dubbo.ProviderApplicationTests]: class path resource [com/study/dubbo/ProviderApplicationTestsContext.groovy] does not exist
14:03:17.782 [main] INFO org.springframework.test.context.support.AbstractContextLoader - Could not detect default resource locations for test class [com.study.dubbo.ProviderApplicationTests]: no resource found for suffixes {-context.xml, Context.groovy}.
14:03:17.783 [main] INFO org.springframework.test.context.support.AnnotationConfigContextLoaderUtils - Could not detect default configuration classes for test class [com.study.dubbo.ProviderApplicationTests]: ProviderApplicationTests does not declare any static, non-private, non-final, nested classes annotated with @Configuration.
14:03:17.825 [main] DEBUG org.springframework.test.context.support.ActiveProfilesUtils - Could not find an 'annotation declaring class' for annotation type [org.springframework.test.context.ActiveProfiles] and class [com.study.dubbo.ProviderApplicationTests]
14:03:17.833 [main] DEBUG org.springframework.core.env.StandardEnvironment - Adding PropertySource 'systemProperties' with lowest search precedence
14:03:17.834 [main] DEBUG org.springframework.core.env.StandardEnvironment - Adding PropertySource 'systemEnvironment' with lowest search precedence
14:03:17.835 [main] DEBUG org.springframework.core.env.StandardEnvironment - Initialized StandardEnvironment with PropertySources [MapPropertySource@648680157 {name='systemProperties', properties={java.runtime.name=Java(TM) SE Runtime Environment, sun.boot.library.path=D:\java\jdk1.8.0_112_x64\jdk1.8.0_112_x64\jre\bin, java.vm.version=25.112-b01, java.vm.vendor=Oracle Corporation, java.vendor.url=http://java.oracle.com/, path.separator=;, java.vm.name=Java HotSpot(TM) 64-Bit Server VM, file.encoding.pkg=sun.io, user.country=CN, user.script=, sun.java.launcher=SUN_STANDARD, sun.os.patch.level=Service Pack 1, java.vm.specification.name=Java Virtual Machine Specification, user.dir=D:\dubbo\dubbo-springboot\provider, java.runtime.version=1.8.0_112-ea-b01, basedir=D:\dubbo\dubbo-springboot\provider, java.awt.graphicsenv=sun.awt.Win32GraphicsEnvironment, java.endorsed.dirs=D:\java\jdk1.8.0_112_x64\jdk1.8.0_112_x64\jre\lib\endorsed, os.arch=amd64, surefire.real.class.path=D:\dubbo\dubbo-springboot\provider\target\surefire\surefirebooter3372531081295442781.jar, java.io.tmpdir=C:\Users\ADMINI~1.USE\AppData\Local\Temp\, line.separator=
, java.vm.specification.vendor=Oracle Corporation, user.variant=, os.name=Windows 7, sun.jnu.encoding=GBK, java.library.path=D:\java\jdk1.8.0_112_x64\jdk1.8.0_112_x64\jre\bin;C:\Windows\Sun\Java\bin;C:\Windows\system32;C:\Windows;C:\Windows\system32;C:\Windows;C:\Windows\System32\Wbem;C:\Windows\System32\WindowsPowerShell\v1.0\;D:\java\jdk1.7.0_79_x64\bin;D:\java\git\Git\cmd;D:\apache-maven-3.3.9\bin;C:\Program Files\MongoDB\Server\3.0\bin;C:\Users\Administrator.USER-20190408IE\AppData\Local\Programs\Fiddler;., surefire.test.class.path=D:\dubbo\dubbo-springboot\provider\target\test-classes;D:\dubbo\dubbo-springboot\provider\target\classes;D:\maven-repository\com\alibaba\boot\dubbo-spring-boot-starter\0.1.2.RELEASE\dubbo-spring-boot-starter-0.1.2.RELEASE.jar;D:\maven-repository\com\alibaba\dubbo\2.6.5\dubbo-2.6.5.jar;D:\maven-repository\org\springframework\spring-context\4.3.24.RELEASE\spring-context-4.3.24.RELEASE.jar;D:\maven-repository\org\springframework\spring-aop\4.3.24.RELEASE\spring-aop-4.3.24.RELEASE.jar;D:\maven-repository\org\springframework\spring-beans\4.3.24.RELEASE\spring-beans-4.3.24.RELEASE.jar;D:\maven-repository\org\springframework\spring-expression\4.3.24.RELEASE\spring-expression-4.3.24.RELEASE.jar;D:\maven-repository\org\javassist\javassist\3.21.0-GA\javassist-3.21.0-GA.jar;D:\maven-repository\org\jboss\netty\netty\3.2.5.Final\netty-3.2.5.Final.jar;D:\maven-repository\org\apache\curator\curator-framework\2.12.0\curator-framework-2.12.0.jar;D:\maven-repository\org\apache\curator\curator-client\2.12.0\curator-client-2.12.0.jar;D:\maven-repository\com\google\guava\guava\16.0.1\guava-16.0.1.jar;D:\maven-repository\com\alibaba\boot\dubbo-spring-boot-autoconfigure\0.1.2.RELEASE\dubbo-spring-boot-autoconfigure-0.1.2.RELEASE.jar;D:\maven-repository\com\alibaba\spring\spring-context-support\1.0.2\spring-context-support-1.0.2.jar;D:\maven-repository\com\alibaba\boot\dubbo-spring-boot-actuator\0.1.2.RELEASE\dubbo-spring-boot-actuator-0.1.2.RELEASE.jar;D:\maven-repository\org\apache\zookeeper\zookeeper\3.4.10\zookeeper-3.4.10.jar;D:\maven-repository\org\slf4j\slf4j-api\1.7.26\slf4j-api-1.7.26.jar;D:\maven-repository\log4j\log4j\1.2.16\log4j-1.2.16.jar;D:\maven-repository\jline\jline\0.9.94\jline-0.9.94.jar;D:\maven-repository\io\netty\netty\3.10.5.Final\netty-3.10.5.Final.jar;D:\maven-repository\org\springframework\boot\spring-boot-starter\1.5.21.RELEASE\spring-boot-starter-1.5.21.RELEASE.jar;D:\maven-repository\org\springframework\boot\spring-boot\1.5.21.RELEASE\spring-boot-1.5.21.RELEASE.jar;D:\maven-repository\org\springframework\boot\spring-boot-autoconfigure\1.5.21.RELEASE\spring-boot-autoconfigure-1.5.21.RELEASE.jar;D:\maven-repository\org\springframework\boot\spring-boot-starter-logging\1.5.21.RELEASE\spring-boot-starter-logging-1.5.21.RELEASE.jar;D:\maven-repository\ch\qos\logback\logback-classic\1.1.11\logback-classic-1.1.11.jar;D:\maven-repository\ch\qos\logback\logback-core\1.1.11\logback-core-1.1.11.jar;D:\maven-repository\org\slf4j\jcl-over-slf4j\1.7.26\jcl-over-slf4j-1.7.26.jar;D:\maven-repository\org\slf4j\jul-to-slf4j\1.7.26\jul-to-slf4j-1.7.26.jar;D:\maven-repository\org\slf4j\log4j-over-slf4j\1.7.26\log4j-over-slf4j-1.7.26.jar;D:\maven-repository\org\springframework\spring-core\4.3.24.RELEASE\spring-core-4.3.24.RELEASE.jar;D:\maven-repository\org\yaml\snakeyaml\1.17\snakeyaml-1.17.jar;D:\maven-repository\com\alibaba\druid-spring-boot-starter\1.1.5\druid-spring-boot-starter-1.1.5.jar;D:\maven-repository\com\alibaba\druid\1.1.5\druid-1.1.5.jar;D:\maven-repository\mysql\mysql-connector-java\5.1.47\mysql-connector-java-5.1.47.jar;D:\maven-repository\org\mybatis\spring\boot\mybatis-spring-boot-starter\1.3.1\mybatis-spring-boot-starter-1.3.1.jar;D:\maven-repository\org\springframework\boot\spring-boot-starter-jdbc\1.5.21.RELEASE\spring-boot-starter-jdbc-1.5.21.RELEASE.jar;D:\maven-repository\org\apache\tomcat\tomcat-jdbc\8.5.40\tomcat-jdbc-8.5.40.jar;D:\maven-repository\org\apache\tomcat\tomcat-juli\8.5.40\tomcat-juli-8.5.40.jar;D:\maven-repository\org\springframework\spring-jdbc\4.3.24.RELEASE\spring-jdbc-4.3.24.RELEASE.jar;D:\maven-repository\org\springframework\spring-tx\4.3.24.RELEASE\spring-tx-4.3.24.RELEASE.jar;D:\maven-repository\org\mybatis\spring\boot\mybatis-spring-boot-autoconfigure\1.3.1\mybatis-spring-boot-autoconfigure-1.3.1.jar;D:\maven-repository\org\mybatis\mybatis\3.4.5\mybatis-3.4.5.jar;D:\maven-repository\org\mybatis\mybatis-spring\1.3.1\mybatis-spring-1.3.1.jar;D:\maven-repository\org\springframework\boot\spring-boot-starter-test\1.5.21.RELEASE\spring-boot-starter-test-1.5.21.RELEASE.jar;D:\maven-repository\org\springframework\boot\spring-boot-test\1.5.21.RELEASE\spring-boot-test-1.5.21.RELEASE.jar;D:\maven-repository\org\springframework\boot\spring-boot-test-autoconfigure\1.5.21.RELEASE\spring-boot-test-autoconfigure-1.5.21.RELEASE.jar;D:\maven-repository\com\jayway\jsonpath\json-path\2.2.0\json-path-2.2.0.jar;D:\maven-repository\net\minidev\json-smart\2.2.1\json-smart-2.2.1.jar;D:\maven-repository\net\minidev\accessors-smart\1.1\accessors-smart-1.1.jar;D:\maven-repository\org\ow2\asm\asm\5.0.3\asm-5.0.3.jar;D:\maven-repository\junit\junit\4.12\junit-4.12.jar;D:\maven-repository\org\assertj\assertj-core\2.6.0\assertj-core-2.6.0.jar;D:\maven-repository\org\mockito\mockito-core\1.10.19\mockito-core-1.10.19.jar;D:\maven-repository\org\objenesis\objenesis\2.1\objenesis-2.1.jar;D:\maven-repository\org\hamcrest\hamcrest-core\1.3\hamcrest-core-1.3.jar;D:\maven-repository\org\hamcrest\hamcrest-library\1.3\hamcrest-library-1.3.jar;D:\maven-repository\org\skyscreamer\jsonassert\1.4.0\jsonassert-1.4.0.jar;D:\maven-repository\com\vaadin\external\google\android-json\0.0.20131108.vaadin1\android-json-0.0.20131108.vaadin1.jar;D:\maven-repository\org\springframework\spring-test\4.3.24.RELEASE\spring-test-4.3.24.RELEASE.jar;D:\maven-repository\com\study\dubbo\interface\0.0.1-SNAPSHOT\interface-0.0.1-SNAPSHOT.jar;, java.specification.name=Java Platform API Specification, java.class.version=52.0, sun.management.compiler=HotSpot 64-Bit Tiered Compilers, maven.repo.local=D:\maven-repository, os.version=6.1, user.home=C:\Users\Administrator.USER-20190408IE, user.timezone=Asia/Shanghai, java.awt.printerjob=sun.awt.windows.WPrinterJob, file.encoding=GBK, java.specification.version=1.8, java.class.path=D:\dubbo\dubbo-springboot\provider\target\test-classes;D:\dubbo\dubbo-springboot\provider\target\classes;D:\maven-repository\com\alibaba\boot\dubbo-spring-boot-starter\0.1.2.RELEASE\dubbo-spring-boot-starter-0.1.2.RELEASE.jar;D:\maven-repository\com\alibaba\dubbo\2.6.5\dubbo-2.6.5.jar;D:\maven-repository\org\springframework\spring-context\4.3.24.RELEASE\spring-context-4.3.24.RELEASE.jar;D:\maven-repository\org\springframework\spring-aop\4.3.24.RELEASE\spring-aop-4.3.24.RELEASE.jar;D:\maven-repository\org\springframework\spring-beans\4.3.24.RELEASE\spring-beans-4.3.24.RELEASE.jar;D:\maven-repository\org\springframework\spring-expression\4.3.24.RELEASE\spring-expression-4.3.24.RELEASE.jar;D:\maven-repository\org\javassist\javassist\3.21.0-GA\javassist-3.21.0-GA.jar;D:\maven-repository\org\jboss\netty\netty\3.2.5.Final\netty-3.2.5.Final.jar;D:\maven-repository\org\apache\curator\curator-framework\2.12.0\curator-framework-2.12.0.jar;D:\maven-repository\org\apache\curator\curator-client\2.12.0\curator-client-2.12.0.jar;D:\maven-repository\com\google\guava\guava\16.0.1\guava-16.0.1.jar;D:\maven-repository\com\alibaba\boot\dubbo-spring-boot-autoconfigure\0.1.2.RELEASE\dubbo-spring-boot-autoconfigure-0.1.2.RELEASE.jar;D:\maven-repository\com\alibaba\spring\spring-context-support\1.0.2\spring-context-support-1.0.2.jar;D:\maven-repository\com\alibaba\boot\dubbo-spring-boot-actuator\0.1.2.RELEASE\dubbo-spring-boot-actuator-0.1.2.RELEASE.jar;D:\maven-repository\org\apache\zookeeper\zookeeper\3.4.10\zookeeper-3.4.10.jar;D:\maven-repository\org\slf4j\slf4j-api\1.7.26\slf4j-api-1.7.26.jar;D:\maven-repository\log4j\log4j\1.2.16\log4j-1.2.16.jar;D:\maven-repository\jline\jline\0.9.94\jline-0.9.94.jar;D:\maven-repository\io\netty\netty\3.10.5.Final\netty-3.10.5.Final.jar;D:\maven-repository\org\springframework\boot\spring-boot-starter\1.5.21.RELEASE\spring-boot-starter-1.5.21.RELEASE.jar;D:\maven-repository\org\springframework\boot\spring-boot\1.5.21.RELEASE\spring-boot-1.5.21.RELEASE.jar;D:\maven-repository\org\springframework\boot\spring-boot-autoconfigure\1.5.21.RELEASE\spring-boot-autoconfigure-1.5.21.RELEASE.jar;D:\maven-repository\org\springframework\boot\spring-boot-starter-logging\1.5.21.RELEASE\spring-boot-starter-logging-1.5.21.RELEASE.jar;D:\maven-repository\ch\qos\logback\logback-classic\1.1.11\logback-classic-1.1.11.jar;D:\maven-repository\ch\qos\logback\logback-core\1.1.11\logback-core-1.1.11.jar;D:\maven-repository\org\slf4j\jcl-over-slf4j\1.7.26\jcl-over-slf4j-1.7.26.jar;D:\maven-repository\org\slf4j\jul-to-slf4j\1.7.26\jul-to-slf4j-1.7.26.jar;D:\maven-repository\org\slf4j\log4j-over-slf4j\1.7.26\log4j-over-slf4j-1.7.26.jar;D:\maven-repository\org\springframework\spring-core\4.3.24.RELEASE\spring-core-4.3.24.RELEASE.jar;D:\maven-repository\org\yaml\snakeyaml\1.17\snakeyaml-1.17.jar;D:\maven-repository\com\alibaba\druid-spring-boot-starter\1.1.5\druid-spring-boot-starter-1.1.5.jar;D:\maven-repository\com\alibaba\druid\1.1.5\druid-1.1.5.jar;D:\maven-repository\mysql\mysql-connector-java\5.1.47\mysql-connector-java-5.1.47.jar;D:\maven-repository\org\mybatis\spring\boot\mybatis-spring-boot-starter\1.3.1\mybatis-spring-boot-starter-1.3.1.jar;D:\maven-repository\org\springframework\boot\spring-boot-starter-jdbc\1.5.21.RELEASE\spring-boot-starter-jdbc-1.5.21.RELEASE.jar;D:\maven-repository\org\apache\tomcat\tomcat-jdbc\8.5.40\tomcat-jdbc-8.5.40.jar;D:\maven-repository\org\apache\tomcat\tomcat-juli\8.5.40\tomcat-juli-8.5.40.jar;D:\maven-repository\org\springframework\spring-jdbc\4.3.24.RELEASE\spring-jdbc-4.3.24.RELEASE.jar;D:\maven-repository\org\springframework\spring-tx\4.3.24.RELEASE\spring-tx-4.3.24.RELEASE.jar;D:\maven-repository\org\mybatis\spring\boot\mybatis-spring-boot-autoconfigure\1.3.1\mybatis-spring-boot-autoconfigure-1.3.1.jar;D:\maven-repository\org\mybatis\mybatis\3.4.5\mybatis-3.4.5.jar;D:\maven-repository\org\mybatis\mybatis-spring\1.3.1\mybatis-spring-1.3.1.jar;D:\maven-repository\org\springframework\boot\spring-boot-starter-test\1.5.21.RELEASE\spring-boot-starter-test-1.5.21.RELEASE.jar;D:\maven-repository\org\springframework\boot\spring-boot-test\1.5.21.RELEASE\spring-boot-test-1.5.21.RELEASE.jar;D:\maven-repository\org\springframework\boot\spring-boot-test-autoconfigure\1.5.21.RELEASE\spring-boot-test-autoconfigure-1.5.21.RELEASE.jar;D:\maven-repository\com\jayway\jsonpath\json-path\2.2.0\json-path-2.2.0.jar;D:\maven-repository\net\minidev\json-smart\2.2.1\json-smart-2.2.1.jar;D:\maven-repository\net\minidev\accessors-smart\1.1\accessors-smart-1.1.jar;D:\maven-repository\org\ow2\asm\asm\5.0.3\asm-5.0.3.jar;D:\maven-repository\junit\junit\4.12\junit-4.12.jar;D:\maven-repository\org\assertj\assertj-core\2.6.0\assertj-core-2.6.0.jar;D:\maven-repository\org\mockito\mockito-core\1.10.19\mockito-core-1.10.19.jar;D:\maven-repository\org\objenesis\objenesis\2.1\objenesis-2.1.jar;D:\maven-repository\org\hamcrest\hamcrest-core\1.3\hamcrest-core-1.3.jar;D:\maven-repository\org\hamcrest\hamcrest-library\1.3\hamcrest-library-1.3.jar;D:\maven-repository\org\skyscreamer\jsonassert\1.4.0\jsonassert-1.4.0.jar;D:\maven-repository\com\vaadin\external\google\android-json\0.0.20131108.vaadin1\android-json-0.0.20131108.vaadin1.jar;D:\maven-repository\org\springframework\spring-test\4.3.24.RELEASE\spring-test-4.3.24.RELEASE.jar;D:\maven-repository\com\study\dubbo\interface\0.0.1-SNAPSHOT\interface-0.0.1-SNAPSHOT.jar;, user.name=Administrator, java.vm.specification.version=1.8, sun.java.command=D:\dubbo\dubbo-springboot\provider\target\surefire\surefirebooter3372531081295442781.jar D:\dubbo\dubbo-springboot\provider\target\surefire\surefire4410916266774935650tmp D:\dubbo\dubbo-springboot\provider\target\surefire\surefire_01008278423924016241tmp, java.home=D:\java\jdk1.8.0_112_x64\jdk1.8.0_112_x64\jre, sun.arch.data.model=64, user.language=zh, java.specification.vendor=Oracle Corporation, awt.toolkit=sun.awt.windows.WToolkit, java.vm.info=mixed mode, java.version=1.8.0_112-ea, java.ext.dirs=D:\java\jdk1.8.0_112_x64\jdk1.8.0_112_x64\jre\lib\ext;C:\Windows\Sun\Java\lib\ext, sun.boot.class.path=D:\java\jdk1.8.0_112_x64\jdk1.8.0_112_x64\jre\lib\resources.jar;D:\java\jdk1.8.0_112_x64\jdk1.8.0_112_x64\jre\lib\rt.jar;D:\java\jdk1.8.0_112_x64\jdk1.8.0_112_x64\jre\lib\sunrsasign.jar;D:\java\jdk1.8.0_112_x64\jdk1.8.0_112_x64\jre\lib\jsse.jar;D:\java\jdk1.8.0_112_x64\jdk1.8.0_112_x64\jre\lib\jce.jar;D:\java\jdk1.8.0_112_x64\jdk1.8.0_112_x64\jre\lib\charsets.jar;D:\java\jdk1.8.0_112_x64\jdk1.8.0_112_x64\jre\lib\jfr.jar;D:\java\jdk1.8.0_112_x64\jdk1.8.0_112_x64\jre\classes, java.vendor=Oracle Corporation, localRepository=D:\maven-repository, file.separator=\, java.vendor.url.bug=http://bugreport.sun.com/bugreport/, idea.version2019.1=true, sun.io.unicode.encoding=UnicodeLittle, sun.cpu.endian=little, sun.desktop=windows, sun.cpu.isalist=amd64}}, SystemEnvironmentPropertySource@1071097621 {name='systemEnvironment', properties={PATH=C:\Windows\system32;C:\Windows;C:\Windows\System32\Wbem;C:\Windows\System32\WindowsPowerShell\v1.0\;D:\java\jdk1.7.0_79_x64\bin;D:\java\git\Git\cmd;D:\apache-maven-3.3.9\bin;C:\Program Files\MongoDB\Server\3.0\bin;C:\Users\Administrator.USER-20190408IE\AppData\Local\Programs\Fiddler, LOCALAPPDATA=C:\Users\Administrator.USER-20190408IE\AppData\Local, PROCESSOR_LEVEL=6, SYSTEMDRIVE=C:, COMMONPROGRAMFILES(X86)=C:\Program Files (x86)\Common Files, FP_NO_HOST_CHECK=NO, USERDOMAIN=USER-20190408IE, LOGONSERVER=\\USER-20190408IE, JAVA_HOME=D:\java\jdk1.7.0_79_x64, PROMPT=$P$G, SESSIONNAME=Console, ALLUSERSPROFILE=C:\ProgramData, PROGRAMFILES(X86)=C:\Program Files (x86), PROCESSOR_ARCHITECTURE=AMD64, MAVEN_HOME=D:\apache-maven-3.3.9, PROGRAMFILES=C:\Program Files, WINDOWS_TRACING_FLAGS=3, APPDATA=C:\Users\Administrator.USER-20190408IE\AppData\Roaming, PSMODULEPATH=C:\Windows\system32\WindowsPowerShell\v1.0\Modules\, PROGRAMW6432=C:\Program Files, PROGRAMDATA=C:\ProgramData, SYSTEMROOT=C:\Windows, USERNAME=Administrator, PATHEXT=.COM;.EXE;.BAT;.CMD;.VBS;.VBE;.JS;.JSE;.WSF;.WSH;.MSC, OS=Windows_NT, COMMONPROGRAMW6432=C:\Program Files\Common Files, COMPUTERNAME=USER-20190408IE, COMMONPROGRAMFILES=C:\Program Files\Common Files, COMSPEC=C:\Windows\system32\cmd.exe, _DFX_INSTALL_UNSIGNED_DRIVER=1, PROCESSOR_REVISION=3c03, CLASSPATH=.;D:\java\jdk1.7.0_79_x64\lib, WINDIR=C:\Windows, =D:=D:\dubbo\dubbo-springboot\provider, HOMEPATH=\Users\Administrator.USER-20190408IE, TEMP=C:\Users\ADMINI~1.USE\AppData\Local\Temp, HOMEDRIVE=C:, PROCESSOR_IDENTIFIER=Intel64 Family 6 Model 60 Stepping 3, GenuineIntel, USERPROFILE=C:\Users\Administrator.USER-20190408IE, TMP=C:\Users\ADMINI~1.USE\AppData\Local\Temp, WINDOWS_TRACING_LOGFILE=C:\BVTBin\Tests\installpackage\csilogfile.log, PUBLIC=C:\Users\Public, NUMBER_OF_PROCESSORS=4, =::=::\}}]
14:03:17.848 [main] DEBUG org.springframework.core.io.support.PathMatchingResourcePatternResolver - Resolved classpath location [com/study/dubbo/] to resources [URL [file:/D:/dubbo/dubbo-springboot/provider/target/test-classes/com/study/dubbo/], URL [file:/D:/dubbo/dubbo-springboot/provider/target/classes/com/study/dubbo/]]
14:03:17.848 [main] DEBUG org.springframework.core.io.support.PathMatchingResourcePatternResolver - Looking for matching resources in directory tree [D:\dubbo\dubbo-springboot\provider\target\test-classes\com\study\dubbo]
14:03:17.848 [main] DEBUG org.springframework.core.io.support.PathMatchingResourcePatternResolver - Searching directory [D:\dubbo\dubbo-springboot\provider\target\test-classes\com\study\dubbo] for files matching pattern [D:/dubbo/dubbo-springboot/provider/target/test-classes/com/study/dubbo/*.class]
14:03:17.851 [main] DEBUG org.springframework.core.io.support.PathMatchingResourcePatternResolver - Looking for matching resources in directory tree [D:\dubbo\dubbo-springboot\provider\target\classes\com\study\dubbo]
14:03:17.851 [main] DEBUG org.springframework.core.io.support.PathMatchingResourcePatternResolver - Searching directory [D:\dubbo\dubbo-springboot\provider\target\classes\com\study\dubbo] for files matching pattern [D:/dubbo/dubbo-springboot/provider/target/classes/com/study/dubbo/*.class]
14:03:17.852 [main] DEBUG org.springframework.core.io.support.PathMatchingResourcePatternResolver - Resolved location pattern [classpath*:com/study/dubbo/*.class] to resources [file [D:\dubbo\dubbo-springboot\provider\target\test-classes\com\study\dubbo\ProviderApplicationTests.class], file [D:\dubbo\dubbo-springboot\provider\target\classes\com\study\dubbo\ProviderApplication.class]]
14:03:17.900 [main] DEBUG org.springframework.context.annotation.ClassPathScanningCandidateComponentProvider - Identified candidate component class: file [D:\dubbo\dubbo-springboot\provider\target\classes\com\study\dubbo\ProviderApplication.class]
14:03:17.901 [main] INFO org.springframework.boot.test.context.SpringBootTestContextBootstrapper - Found @SpringBootConfiguration com.study.dubbo.ProviderApplication for test class com.study.dubbo.ProviderApplicationTests
14:03:17.903 [main] DEBUG org.springframework.boot.test.context.SpringBootTestContextBootstrapper - @TestExecutionListeners is not present for class [com.study.dubbo.ProviderApplicationTests]: using defaults.
14:03:17.907 [main] INFO org.springframework.boot.test.context.SpringBootTestContextBootstrapper - Loaded default TestExecutionListener class names from location [META-INF/spring.factories]: [org.springframework.boot.test.mock.mockito.MockitoTestExecutionListener, org.springframework.boot.test.mock.mockito.ResetMocksTestExecutionListener, org.springframework.boot.test.autoconfigure.restdocs.RestDocsTestExecutionListener, org.springframework.boot.test.autoconfigure.web.client.MockRestServiceServerResetTestExecutionListener, org.springframework.boot.test.autoconfigure.web.servlet.MockMvcPrintOnlyOnFailureTestExecutionListener, org.springframework.boot.test.autoconfigure.web.servlet.WebDriverTestExecutionListener, org.springframework.test.context.web.ServletTestExecutionListener, org.springframework.test.context.support.DirtiesContextBeforeModesTestExecutionListener, org.springframework.test.context.support.DependencyInjectionTestExecutionListener, org.springframework.test.context.support.DirtiesContextTestExecutionListener, org.springframework.test.context.transaction.TransactionalTestExecutionListener, org.springframework.test.context.jdbc.SqlScriptsTestExecutionListener]
14:03:17.916 [main] DEBUG org.springframework.boot.test.context.SpringBootTestContextBootstrapper - Could not instantiate TestExecutionListener [org.springframework.test.context.web.ServletTestExecutionListener]. Specify custom listener classes or make the default listener classes (and their required dependencies) available. Offending class: [javax/servlet/ServletContext]
14:03:17.923 [main] INFO org.springframework.boot.test.context.SpringBootTestContextBootstrapper - Using TestExecutionListeners: [org.springframework.test.context.support.DirtiesContextBeforeModesTestExecutionListener@71a794e5, org.springframework.boot.test.mock.mockito.MockitoTestExecutionListener@76329302, org.springframework.boot.test.autoconfigure.SpringBootDependencyInjectionTestExecutionListener@5e25a92e, org.springframework.test.context.support.DirtiesContextTestExecutionListener@4df828d7, org.springframework.test.context.transaction.TransactionalTestExecutionListener@b59d31, org.springframework.test.context.jdbc.SqlScriptsTestExecutionListener@62fdb4a6, org.springframework.boot.test.mock.mockito.ResetMocksTestExecutionListener@11e21d0e, org.springframework.boot.test.autoconfigure.restdocs.RestDocsTestExecutionListener@1dd02175, org.springframework.boot.test.autoconfigure.web.client.MockRestServiceServerResetTestExecutionListener@31206beb, org.springframework.boot.test.autoconfigure.web.servlet.MockMvcPrintOnlyOnFailureTestExecutionListener@3e77a1ed, org.springframework.boot.test.autoconfigure.web.servlet.WebDriverTestExecutionListener@3ffcd140]
14:03:17.926 [main] DEBUG org.springframework.test.annotation.ProfileValueUtils - Retrieved @ProfileValueSourceConfiguration [null] for test class [com.study.dubbo.ProviderApplicationTests]
14:03:17.926 [main] DEBUG org.springframework.test.annotation.ProfileValueUtils - Retrieved ProfileValueSource type [class org.springframework.test.annotation.SystemProfileValueSource] for class [com.study.dubbo.ProviderApplicationTests]
14:03:17.928 [main] DEBUG org.springframework.test.context.junit4.SpringJUnit4ClassRunner - SpringJUnit4ClassRunner constructor called with [class com.study.dubbo.ProviderApplicationTests]
14:03:17.928 [main] DEBUG org.springframework.test.context.BootstrapUtils - Instantiating CacheAwareContextLoaderDelegate from class [org.springframework.test.context.cache.DefaultCacheAwareContextLoaderDelegate]
14:03:17.928 [main] DEBUG org.springframework.test.context.BootstrapUtils - Instantiating BootstrapContext using constructor [public org.springframework.test.context.support.DefaultBootstrapContext(java.lang.Class,org.springframework.test.context.CacheAwareContextLoaderDelegate)]
14:03:17.929 [main] DEBUG org.springframework.test.context.BootstrapUtils - Instantiating TestContextBootstrapper for test class [com.study.dubbo.ProviderApplicationTests] from class [org.springframework.boot.test.context.SpringBootTestContextBootstrapper]
14:03:17.929 [main] INFO org.springframework.boot.test.context.SpringBootTestContextBootstrapper - Neither @ContextConfiguration nor @ContextHierarchy found for test class [com.study.dubbo.ProviderApplicationTests], using SpringBootContextLoader
14:03:17.929 [main] DEBUG org.springframework.test.context.support.AbstractContextLoader - Did not detect default resource location for test class [com.study.dubbo.ProviderApplicationTests]: class path resource [com/study/dubbo/ProviderApplicationTests-context.xml] does not exist
14:03:17.930 [main] DEBUG org.springframework.test.context.support.AbstractContextLoader - Did not detect default resource location for test class [com.study.dubbo.ProviderApplicationTests]: class path resource [com/study/dubbo/ProviderApplicationTestsContext.groovy] does not exist
14:03:17.930 [main] INFO org.springframework.test.context.support.AbstractContextLoader - Could not detect default resource locations for test class [com.study.dubbo.ProviderApplicationTests]: no resource found for suffixes {-context.xml, Context.groovy}.
14:03:17.930 [main] INFO org.springframework.test.context.support.AnnotationConfigContextLoaderUtils - Could not detect default configuration classes for test class [com.study.dubbo.ProviderApplicationTests]: ProviderApplicationTests does not declare any static, non-private, non-final, nested classes annotated with @Configuration.
14:03:17.935 [main] DEBUG org.springframework.test.context.support.ActiveProfilesUtils - Could not find an 'annotation declaring class' for annotation type [org.springframework.test.context.ActiveProfiles] and class [com.study.dubbo.ProviderApplicationTests]
14:03:17.935 [main] DEBUG org.springframework.core.env.StandardEnvironment - Adding PropertySource 'systemProperties' with lowest search precedence
14:03:17.935 [main] DEBUG org.springframework.core.env.StandardEnvironment - Adding PropertySource 'systemEnvironment' with lowest search precedence
14:03:17.935 [main] DEBUG org.springframework.core.env.StandardEnvironment - Initialized StandardEnvironment with PropertySources [MapPropertySource@2023938592 {name='systemProperties', properties={java.runtime.name=Java(TM) SE Runtime Environment, sun.boot.library.path=D:\java\jdk1.8.0_112_x64\jdk1.8.0_112_x64\jre\bin, java.vm.version=25.112-b01, java.vm.vendor=Oracle Corporation, java.vendor.url=http://java.oracle.com/, path.separator=;, java.vm.name=Java HotSpot(TM) 64-Bit Server VM, file.encoding.pkg=sun.io, user.country=CN, user.script=, sun.java.launcher=SUN_STANDARD, sun.os.patch.level=Service Pack 1, java.vm.specification.name=Java Virtual Machine Specification, user.dir=D:\dubbo\dubbo-springboot\provider, java.runtime.version=1.8.0_112-ea-b01, basedir=D:\dubbo\dubbo-springboot\provider, java.awt.graphicsenv=sun.awt.Win32GraphicsEnvironment, java.endorsed.dirs=D:\java\jdk1.8.0_112_x64\jdk1.8.0_112_x64\jre\lib\endorsed, os.arch=amd64, surefire.real.class.path=D:\dubbo\dubbo-springboot\provider\target\surefire\surefirebooter3372531081295442781.jar, java.io.tmpdir=C:\Users\ADMINI~1.USE\AppData\Local\Temp\, line.separator=
, java.vm.specification.vendor=Oracle Corporation, user.variant=, os.name=Windows 7, sun.jnu.encoding=GBK, java.library.path=D:\java\jdk1.8.0_112_x64\jdk1.8.0_112_x64\jre\bin;C:\Windows\Sun\Java\bin;C:\Windows\system32;C:\Windows;C:\Windows\system32;C:\Windows;C:\Windows\System32\Wbem;C:\Windows\System32\WindowsPowerShell\v1.0\;D:\java\jdk1.7.0_79_x64\bin;D:\java\git\Git\cmd;D:\apache-maven-3.3.9\bin;C:\Program Files\MongoDB\Server\3.0\bin;C:\Users\Administrator.USER-20190408IE\AppData\Local\Programs\Fiddler;., surefire.test.class.path=D:\dubbo\dubbo-springboot\provider\target\test-classes;D:\dubbo\dubbo-springboot\provider\target\classes;D:\maven-repository\com\alibaba\boot\dubbo-spring-boot-starter\0.1.2.RELEASE\dubbo-spring-boot-starter-0.1.2.RELEASE.jar;D:\maven-repository\com\alibaba\dubbo\2.6.5\dubbo-2.6.5.jar;D:\maven-repository\org\springframework\spring-context\4.3.24.RELEASE\spring-context-4.3.24.RELEASE.jar;D:\maven-repository\org\springframework\spring-aop\4.3.24.RELEASE\spring-aop-4.3.24.RELEASE.jar;D:\maven-repository\org\springframework\spring-beans\4.3.24.RELEASE\spring-beans-4.3.24.RELEASE.jar;D:\maven-repository\org\springframework\spring-expression\4.3.24.RELEASE\spring-expression-4.3.24.RELEASE.jar;D:\maven-repository\org\javassist\javassist\3.21.0-GA\javassist-3.21.0-GA.jar;D:\maven-repository\org\jboss\netty\netty\3.2.5.Final\netty-3.2.5.Final.jar;D:\maven-repository\org\apache\curator\curator-framework\2.12.0\curator-framework-2.12.0.jar;D:\maven-repository\org\apache\curator\curator-client\2.12.0\curator-client-2.12.0.jar;D:\maven-repository\com\google\guava\guava\16.0.1\guava-16.0.1.jar;D:\maven-repository\com\alibaba\boot\dubbo-spring-boot-autoconfigure\0.1.2.RELEASE\dubbo-spring-boot-autoconfigure-0.1.2.RELEASE.jar;D:\maven-repository\com\alibaba\spring\spring-context-support\1.0.2\spring-context-support-1.0.2.jar;D:\maven-repository\com\alibaba\boot\dubbo-spring-boot-actuator\0.1.2.RELEASE\dubbo-spring-boot-actuator-0.1.2.RELEASE.jar;D:\maven-repository\org\apache\zookeeper\zookeeper\3.4.10\zookeeper-3.4.10.jar;D:\maven-repository\org\slf4j\slf4j-api\1.7.26\slf4j-api-1.7.26.jar;D:\maven-repository\log4j\log4j\1.2.16\log4j-1.2.16.jar;D:\maven-repository\jline\jline\0.9.94\jline-0.9.94.jar;D:\maven-repository\io\netty\netty\3.10.5.Final\netty-3.10.5.Final.jar;D:\maven-repository\org\springframework\boot\spring-boot-starter\1.5.21.RELEASE\spring-boot-starter-1.5.21.RELEASE.jar;D:\maven-repository\org\springframework\boot\spring-boot\1.5.21.RELEASE\spring-boot-1.5.21.RELEASE.jar;D:\maven-repository\org\springframework\boot\spring-boot-autoconfigure\1.5.21.RELEASE\spring-boot-autoconfigure-1.5.21.RELEASE.jar;D:\maven-repository\org\springframework\boot\spring-boot-starter-logging\1.5.21.RELEASE\spring-boot-starter-logging-1.5.21.RELEASE.jar;D:\maven-repository\ch\qos\logback\logback-classic\1.1.11\logback-classic-1.1.11.jar;D:\maven-repository\ch\qos\logback\logback-core\1.1.11\logback-core-1.1.11.jar;D:\maven-repository\org\slf4j\jcl-over-slf4j\1.7.26\jcl-over-slf4j-1.7.26.jar;D:\maven-repository\org\slf4j\jul-to-slf4j\1.7.26\jul-to-slf4j-1.7.26.jar;D:\maven-repository\org\slf4j\log4j-over-slf4j\1.7.26\log4j-over-slf4j-1.7.26.jar;D:\maven-repository\org\springframework\spring-core\4.3.24.RELEASE\spring-core-4.3.24.RELEASE.jar;D:\maven-repository\org\yaml\snakeyaml\1.17\snakeyaml-1.17.jar;D:\maven-repository\com\alibaba\druid-spring-boot-starter\1.1.5\druid-spring-boot-starter-1.1.5.jar;D:\maven-repository\com\alibaba\druid\1.1.5\druid-1.1.5.jar;D:\maven-repository\mysql\mysql-connector-java\5.1.47\mysql-connector-java-5.1.47.jar;D:\maven-repository\org\mybatis\spring\boot\mybatis-spring-boot-starter\1.3.1\mybatis-spring-boot-starter-1.3.1.jar;D:\maven-repository\org\springframework\boot\spring-boot-starter-jdbc\1.5.21.RELEASE\spring-boot-starter-jdbc-1.5.21.RELEASE.jar;D:\maven-repository\org\apache\tomcat\tomcat-jdbc\8.5.40\tomcat-jdbc-8.5.40.jar;D:\maven-repository\org\apache\tomcat\tomcat-juli\8.5.40\tomcat-juli-8.5.40.jar;D:\maven-repository\org\springframework\spring-jdbc\4.3.24.RELEASE\spring-jdbc-4.3.24.RELEASE.jar;D:\maven-repository\org\springframework\spring-tx\4.3.24.RELEASE\spring-tx-4.3.24.RELEASE.jar;D:\maven-repository\org\mybatis\spring\boot\mybatis-spring-boot-autoconfigure\1.3.1\mybatis-spring-boot-autoconfigure-1.3.1.jar;D:\maven-repository\org\mybatis\mybatis\3.4.5\mybatis-3.4.5.jar;D:\maven-repository\org\mybatis\mybatis-spring\1.3.1\mybatis-spring-1.3.1.jar;D:\maven-repository\org\springframework\boot\spring-boot-starter-test\1.5.21.RELEASE\spring-boot-starter-test-1.5.21.RELEASE.jar;D:\maven-repository\org\springframework\boot\spring-boot-test\1.5.21.RELEASE\spring-boot-test-1.5.21.RELEASE.jar;D:\maven-repository\org\springframework\boot\spring-boot-test-autoconfigure\1.5.21.RELEASE\spring-boot-test-autoconfigure-1.5.21.RELEASE.jar;D:\maven-repository\com\jayway\jsonpath\json-path\2.2.0\json-path-2.2.0.jar;D:\maven-repository\net\minidev\json-smart\2.2.1\json-smart-2.2.1.jar;D:\maven-repository\net\minidev\accessors-smart\1.1\accessors-smart-1.1.jar;D:\maven-repository\org\ow2\asm\asm\5.0.3\asm-5.0.3.jar;D:\maven-repository\junit\junit\4.12\junit-4.12.jar;D:\maven-repository\org\assertj\assertj-core\2.6.0\assertj-core-2.6.0.jar;D:\maven-repository\org\mockito\mockito-core\1.10.19\mockito-core-1.10.19.jar;D:\maven-repository\org\objenesis\objenesis\2.1\objenesis-2.1.jar;D:\maven-repository\org\hamcrest\hamcrest-core\1.3\hamcrest-core-1.3.jar;D:\maven-repository\org\hamcrest\hamcrest-library\1.3\hamcrest-library-1.3.jar;D:\maven-repository\org\skyscreamer\jsonassert\1.4.0\jsonassert-1.4.0.jar;D:\maven-repository\com\vaadin\external\google\android-json\0.0.20131108.vaadin1\android-json-0.0.20131108.vaadin1.jar;D:\maven-repository\org\springframework\spring-test\4.3.24.RELEASE\spring-test-4.3.24.RELEASE.jar;D:\maven-repository\com\study\dubbo\interface\0.0.1-SNAPSHOT\interface-0.0.1-SNAPSHOT.jar;, java.specification.name=Java Platform API Specification, java.class.version=52.0, sun.management.compiler=HotSpot 64-Bit Tiered Compilers, maven.repo.local=D:\maven-repository, os.version=6.1, user.home=C:\Users\Administrator.USER-20190408IE, user.timezone=Asia/Shanghai, java.awt.printerjob=sun.awt.windows.WPrinterJob, file.encoding=GBK, java.specification.version=1.8, java.class.path=D:\dubbo\dubbo-springboot\provider\target\test-classes;D:\dubbo\dubbo-springboot\provider\target\classes;D:\maven-repository\com\alibaba\boot\dubbo-spring-boot-starter\0.1.2.RELEASE\dubbo-spring-boot-starter-0.1.2.RELEASE.jar;D:\maven-repository\com\alibaba\dubbo\2.6.5\dubbo-2.6.5.jar;D:\maven-repository\org\springframework\spring-context\4.3.24.RELEASE\spring-context-4.3.24.RELEASE.jar;D:\maven-repository\org\springframework\spring-aop\4.3.24.RELEASE\spring-aop-4.3.24.RELEASE.jar;D:\maven-repository\org\springframework\spring-beans\4.3.24.RELEASE\spring-beans-4.3.24.RELEASE.jar;D:\maven-repository\org\springframework\spring-expression\4.3.24.RELEASE\spring-expression-4.3.24.RELEASE.jar;D:\maven-repository\org\javassist\javassist\3.21.0-GA\javassist-3.21.0-GA.jar;D:\maven-repository\org\jboss\netty\netty\3.2.5.Final\netty-3.2.5.Final.jar;D:\maven-repository\org\apache\curator\curator-framework\2.12.0\curator-framework-2.12.0.jar;D:\maven-repository\org\apache\curator\curator-client\2.12.0\curator-client-2.12.0.jar;D:\maven-repository\com\google\guava\guava\16.0.1\guava-16.0.1.jar;D:\maven-repository\com\alibaba\boot\dubbo-spring-boot-autoconfigure\0.1.2.RELEASE\dubbo-spring-boot-autoconfigure-0.1.2.RELEASE.jar;D:\maven-repository\com\alibaba\spring\spring-context-support\1.0.2\spring-context-support-1.0.2.jar;D:\maven-repository\com\alibaba\boot\dubbo-spring-boot-actuator\0.1.2.RELEASE\dubbo-spring-boot-actuator-0.1.2.RELEASE.jar;D:\maven-repository\org\apache\zookeeper\zookeeper\3.4.10\zookeeper-3.4.10.jar;D:\maven-repository\org\slf4j\slf4j-api\1.7.26\slf4j-api-1.7.26.jar;D:\maven-repository\log4j\log4j\1.2.16\log4j-1.2.16.jar;D:\maven-repository\jline\jline\0.9.94\jline-0.9.94.jar;D:\maven-repository\io\netty\netty\3.10.5.Final\netty-3.10.5.Final.jar;D:\maven-repository\org\springframework\boot\spring-boot-starter\1.5.21.RELEASE\spring-boot-starter-1.5.21.RELEASE.jar;D:\maven-repository\org\springframework\boot\spring-boot\1.5.21.RELEASE\spring-boot-1.5.21.RELEASE.jar;D:\maven-repository\org\springframework\boot\spring-boot-autoconfigure\1.5.21.RELEASE\spring-boot-autoconfigure-1.5.21.RELEASE.jar;D:\maven-repository\org\springframework\boot\spring-boot-starter-logging\1.5.21.RELEASE\spring-boot-starter-logging-1.5.21.RELEASE.jar;D:\maven-repository\ch\qos\logback\logback-classic\1.1.11\logback-classic-1.1.11.jar;D:\maven-repository\ch\qos\logback\logback-core\1.1.11\logback-core-1.1.11.jar;D:\maven-repository\org\slf4j\jcl-over-slf4j\1.7.26\jcl-over-slf4j-1.7.26.jar;D:\maven-repository\org\slf4j\jul-to-slf4j\1.7.26\jul-to-slf4j-1.7.26.jar;D:\maven-repository\org\slf4j\log4j-over-slf4j\1.7.26\log4j-over-slf4j-1.7.26.jar;D:\maven-repository\org\springframework\spring-core\4.3.24.RELEASE\spring-core-4.3.24.RELEASE.jar;D:\maven-repository\org\yaml\snakeyaml\1.17\snakeyaml-1.17.jar;D:\maven-repository\com\alibaba\druid-spring-boot-starter\1.1.5\druid-spring-boot-starter-1.1.5.jar;D:\maven-repository\com\alibaba\druid\1.1.5\druid-1.1.5.jar;D:\maven-repository\mysql\mysql-connector-java\5.1.47\mysql-connector-java-5.1.47.jar;D:\maven-repository\org\mybatis\spring\boot\mybatis-spring-boot-starter\1.3.1\mybatis-spring-boot-starter-1.3.1.jar;D:\maven-repository\org\springframework\boot\spring-boot-starter-jdbc\1.5.21.RELEASE\spring-boot-starter-jdbc-1.5.21.RELEASE.jar;D:\maven-repository\org\apache\tomcat\tomcat-jdbc\8.5.40\tomcat-jdbc-8.5.40.jar;D:\maven-repository\org\apache\tomcat\tomcat-juli\8.5.40\tomcat-juli-8.5.40.jar;D:\maven-repository\org\springframework\spring-jdbc\4.3.24.RELEASE\spring-jdbc-4.3.24.RELEASE.jar;D:\maven-repository\org\springframework\spring-tx\4.3.24.RELEASE\spring-tx-4.3.24.RELEASE.jar;D:\maven-repository\org\mybatis\spring\boot\mybatis-spring-boot-autoconfigure\1.3.1\mybatis-spring-boot-autoconfigure-1.3.1.jar;D:\maven-repository\org\mybatis\mybatis\3.4.5\mybatis-3.4.5.jar;D:\maven-repository\org\mybatis\mybatis-spring\1.3.1\mybatis-spring-1.3.1.jar;D:\maven-repository\org\springframework\boot\spring-boot-starter-test\1.5.21.RELEASE\spring-boot-starter-test-1.5.21.RELEASE.jar;D:\maven-repository\org\springframework\boot\spring-boot-test\1.5.21.RELEASE\spring-boot-test-1.5.21.RELEASE.jar;D:\maven-repository\org\springframework\boot\spring-boot-test-autoconfigure\1.5.21.RELEASE\spring-boot-test-autoconfigure-1.5.21.RELEASE.jar;D:\maven-repository\com\jayway\jsonpath\json-path\2.2.0\json-path-2.2.0.jar;D:\maven-repository\net\minidev\json-smart\2.2.1\json-smart-2.2.1.jar;D:\maven-repository\net\minidev\accessors-smart\1.1\accessors-smart-1.1.jar;D:\maven-repository\org\ow2\asm\asm\5.0.3\asm-5.0.3.jar;D:\maven-repository\junit\junit\4.12\junit-4.12.jar;D:\maven-repository\org\assertj\assertj-core\2.6.0\assertj-core-2.6.0.jar;D:\maven-repository\org\mockito\mockito-core\1.10.19\mockito-core-1.10.19.jar;D:\maven-repository\org\objenesis\objenesis\2.1\objenesis-2.1.jar;D:\maven-repository\org\hamcrest\hamcrest-core\1.3\hamcrest-core-1.3.jar;D:\maven-repository\org\hamcrest\hamcrest-library\1.3\hamcrest-library-1.3.jar;D:\maven-repository\org\skyscreamer\jsonassert\1.4.0\jsonassert-1.4.0.jar;D:\maven-repository\com\vaadin\external\google\android-json\0.0.20131108.vaadin1\android-json-0.0.20131108.vaadin1.jar;D:\maven-repository\org\springframework\spring-test\4.3.24.RELEASE\spring-test-4.3.24.RELEASE.jar;D:\maven-repository\com\study\dubbo\interface\0.0.1-SNAPSHOT\interface-0.0.1-SNAPSHOT.jar;, user.name=Administrator, java.vm.specification.version=1.8, sun.java.command=D:\dubbo\dubbo-springboot\provider\target\surefire\surefirebooter3372531081295442781.jar D:\dubbo\dubbo-springboot\provider\target\surefire\surefire4410916266774935650tmp D:\dubbo\dubbo-springboot\provider\target\surefire\surefire_01008278423924016241tmp, java.home=D:\java\jdk1.8.0_112_x64\jdk1.8.0_112_x64\jre, sun.arch.data.model=64, user.language=zh, java.specification.vendor=Oracle Corporation, awt.toolkit=sun.awt.windows.WToolkit, java.vm.info=mixed mode, java.version=1.8.0_112-ea, java.ext.dirs=D:\java\jdk1.8.0_112_x64\jdk1.8.0_112_x64\jre\lib\ext;C:\Windows\Sun\Java\lib\ext, sun.boot.class.path=D:\java\jdk1.8.0_112_x64\jdk1.8.0_112_x64\jre\lib\resources.jar;D:\java\jdk1.8.0_112_x64\jdk1.8.0_112_x64\jre\lib\rt.jar;D:\java\jdk1.8.0_112_x64\jdk1.8.0_112_x64\jre\lib\sunrsasign.jar;D:\java\jdk1.8.0_112_x64\jdk1.8.0_112_x64\jre\lib\jsse.jar;D:\java\jdk1.8.0_112_x64\jdk1.8.0_112_x64\jre\lib\jce.jar;D:\java\jdk1.8.0_112_x64\jdk1.8.0_112_x64\jre\lib\charsets.jar;D:\java\jdk1.8.0_112_x64\jdk1.8.0_112_x64\jre\lib\jfr.jar;D:\java\jdk1.8.0_112_x64\jdk1.8.0_112_x64\jre\classes, java.vendor=Oracle Corporation, localRepository=D:\maven-repository, file.separator=\, java.vendor.url.bug=http://bugreport.sun.com/bugreport/, idea.version2019.1=true, sun.io.unicode.encoding=UnicodeLittle, sun.cpu.endian=little, sun.desktop=windows, sun.cpu.isalist=amd64}}, SystemEnvironmentPropertySource@231977479 {name='systemEnvironment', properties={PATH=C:\Windows\system32;C:\Windows;C:\Windows\System32\Wbem;C:\Windows\System32\WindowsPowerShell\v1.0\;D:\java\jdk1.7.0_79_x64\bin;D:\java\git\Git\cmd;D:\apache-maven-3.3.9\bin;C:\Program Files\MongoDB\Server\3.0\bin;C:\Users\Administrator.USER-20190408IE\AppData\Local\Programs\Fiddler, LOCALAPPDATA=C:\Users\Administrator.USER-20190408IE\AppData\Local, PROCESSOR_LEVEL=6, SYSTEMDRIVE=C:, COMMONPROGRAMFILES(X86)=C:\Program Files (x86)\Common Files, FP_NO_HOST_CHECK=NO, USERDOMAIN=USER-20190408IE, LOGONSERVER=\\USER-20190408IE, JAVA_HOME=D:\java\jdk1.7.0_79_x64, PROMPT=$P$G, SESSIONNAME=Console, ALLUSERSPROFILE=C:\ProgramData, PROGRAMFILES(X86)=C:\Program Files (x86), PROCESSOR_ARCHITECTURE=AMD64, MAVEN_HOME=D:\apache-maven-3.3.9, PROGRAMFILES=C:\Program Files, WINDOWS_TRACING_FLAGS=3, APPDATA=C:\Users\Administrator.USER-20190408IE\AppData\Roaming, PSMODULEPATH=C:\Windows\system32\WindowsPowerShell\v1.0\Modules\, PROGRAMW6432=C:\Program Files, PROGRAMDATA=C:\ProgramData, SYSTEMROOT=C:\Windows, USERNAME=Administrator, PATHEXT=.COM;.EXE;.BAT;.CMD;.VBS;.VBE;.JS;.JSE;.WSF;.WSH;.MSC, OS=Windows_NT, COMMONPROGRAMW6432=C:\Program Files\Common Files, COMPUTERNAME=USER-20190408IE, COMMONPROGRAMFILES=C:\Program Files\Common Files, COMSPEC=C:\Windows\system32\cmd.exe, _DFX_INSTALL_UNSIGNED_DRIVER=1, PROCESSOR_REVISION=3c03, CLASSPATH=.;D:\java\jdk1.7.0_79_x64\lib, WINDIR=C:\Windows, =D:=D:\dubbo\dubbo-springboot\provider, HOMEPATH=\Users\Administrator.USER-20190408IE, TEMP=C:\Users\ADMINI~1.USE\AppData\Local\Temp, HOMEDRIVE=C:, PROCESSOR_IDENTIFIER=Intel64 Family 6 Model 60 Stepping 3, GenuineIntel, USERPROFILE=C:\Users\Administrator.USER-20190408IE, TMP=C:\Users\ADMINI~1.USE\AppData\Local\Temp, WINDOWS_TRACING_LOGFILE=C:\BVTBin\Tests\installpackage\csilogfile.log, PUBLIC=C:\Users\Public, NUMBER_OF_PROCESSORS=4, =::=::\}}]
14:03:17.936 [main] INFO org.springframework.boot.test.context.SpringBootTestContextBootstrapper - Found @SpringBootConfiguration com.study.dubbo.ProviderApplication for test class com.study.dubbo.ProviderApplicationTests
14:03:17.939 [main] DEBUG org.springframework.boot.test.context.SpringBootTestContextBootstrapper - @TestExecutionListeners is not present for class [com.study.dubbo.ProviderApplicationTests]: using defaults.
14:03:17.941 [main] INFO org.springframework.boot.test.context.SpringBootTestContextBootstrapper - Loaded default TestExecutionListener class names from location [META-INF/spring.factories]: [org.springframework.boot.test.mock.mockito.MockitoTestExecutionListener, org.springframework.boot.test.mock.mockito.ResetMocksTestExecutionListener, org.springframework.boot.test.autoconfigure.restdocs.RestDocsTestExecutionListener, org.springframework.boot.test.autoconfigure.web.client.MockRestServiceServerResetTestExecutionListener, org.springframework.boot.test.autoconfigure.web.servlet.MockMvcPrintOnlyOnFailureTestExecutionListener, org.springframework.boot.test.autoconfigure.web.servlet.WebDriverTestExecutionListener, org.springframework.test.context.web.ServletTestExecutionListener, org.springframework.test.context.support.DirtiesContextBeforeModesTestExecutionListener, org.springframework.test.context.support.DependencyInjectionTestExecutionListener, org.springframework.test.context.support.DirtiesContextTestExecutionListener, org.springframework.test.context.transaction.TransactionalTestExecutionListener, org.springframework.test.context.jdbc.SqlScriptsTestExecutionListener]
14:03:17.944 [main] DEBUG org.springframework.boot.test.context.SpringBootTestContextBootstrapper - Could not instantiate TestExecutionListener [org.springframework.test.context.web.ServletTestExecutionListener]. Specify custom listener classes or make the default listener classes (and their required dependencies) available. Offending class: [javax/servlet/ServletContext]
14:03:17.945 [main] INFO org.springframework.boot.test.context.SpringBootTestContextBootstrapper - Using TestExecutionListeners: [org.springframework.test.context.support.DirtiesContextBeforeModesTestExecutionListener@1a38c59b, org.springframework.boot.test.mock.mockito.MockitoTestExecutionListener@7f77e91b, org.springframework.boot.test.autoconfigure.SpringBootDependencyInjectionTestExecutionListener@44a664f2, org.springframework.test.context.support.DirtiesContextTestExecutionListener@7f9fcf7f, org.springframework.test.context.transaction.TransactionalTestExecutionListener@2357d90a, org.springframework.test.context.jdbc.SqlScriptsTestExecutionListener@6328d34a, org.springframework.boot.test.mock.mockito.ResetMocksTestExecutionListener@145eaa29, org.springframework.boot.test.autoconfigure.restdocs.RestDocsTestExecutionListener@15bb6bea, org.springframework.boot.test.autoconfigure.web.client.MockRestServiceServerResetTestExecutionListener@8b96fde, org.springframework.boot.test.autoconfigure.web.servlet.MockMvcPrintOnlyOnFailureTestExecutionListener@2d2e5f00, org.springframework.boot.test.autoconfigure.web.servlet.WebDriverTestExecutionListener@4c40b76e]
14:03:17.945 [main] DEBUG org.springframework.test.annotation.ProfileValueUtils - Retrieved @ProfileValueSourceConfiguration [null] for test class [com.study.dubbo.ProviderApplicationTests]
14:03:17.945 [main] DEBUG org.springframework.test.annotation.ProfileValueUtils - Retrieved ProfileValueSource type [class org.springframework.test.annotation.SystemProfileValueSource] for class [com.study.dubbo.ProviderApplicationTests]
14:03:17.945 [main] DEBUG org.springframework.test.annotation.ProfileValueUtils - Retrieved @ProfileValueSourceConfiguration [null] for test class [com.study.dubbo.ProviderApplicationTests]
14:03:17.946 [main] DEBUG org.springframework.test.annotation.ProfileValueUtils - Retrieved ProfileValueSource type [class org.springframework.test.annotation.SystemProfileValueSource] for class [com.study.dubbo.ProviderApplicationTests]
14:03:17.950 [main] DEBUG org.springframework.test.context.support.AbstractDirtiesContextTestExecutionListener - Before test class: context [DefaultTestContext@4ae3c1cd testClass = ProviderApplicationTests, testInstance = [null], testMethod = [null], testException = [null], mergedContextConfiguration = [MergedContextConfiguration@29f69090 testClass = ProviderApplicationTests, locations = '{}', classes = '{class com.study.dubbo.ProviderApplication}', contextInitializerClasses = '[]', activeProfiles = '{}', propertySourceLocations = '{}', propertySourceProperties = '{org.springframework.boot.test.context.SpringBootTestContextBootstrapper=true}', contextCustomizers = set[org.springframework.boot.test.context.SpringBootTestContextCustomizer@5ec0a365, org.springframework.boot.test.context.filter.ExcludeFilterContextCustomizer@2ac273d3, org.springframework.boot.test.json.DuplicateJsonObjectContextCustomizerFactory$DuplicateJsonObjectContextCustomizer@6fc6f14e, org.springframework.boot.test.mock.mockito.MockitoContextCustomizer@0, org.springframework.boot.test.autoconfigure.properties.PropertyMappingContextCustomizer@0, org.springframework.boot.test.autoconfigure.web.servlet.WebDriverContextCustomizerFactory$Customizer@887af79], contextLoader = 'org.springframework.boot.test.context.SpringBootContextLoader', parent = [null]]], class annotated with @DirtiesContext [false] with mode [null].
14:03:17.951 [main] DEBUG org.springframework.test.annotation.ProfileValueUtils - Retrieved @ProfileValueSourceConfiguration [null] for test class [com.study.dubbo.ProviderApplicationTests]
14:03:17.951 [main] DEBUG org.springframework.test.annotation.ProfileValueUtils - Retrieved ProfileValueSource type [class org.springframework.test.annotation.SystemProfileValueSource] for class [com.study.dubbo.ProviderApplicationTests]
14:03:17.953 [main] DEBUG org.springframework.test.context.support.DependencyInjectionTestExecutionListener - Performing dependency injection for test context [[DefaultTestContext@4ae3c1cd testClass = ProviderApplicationTests, testInstance = com.study.dubbo.ProviderApplicationTests@2145433b, testMethod = [null], testException = [null], mergedContextConfiguration = [MergedContextConfiguration@29f69090 testClass = ProviderApplicationTests, locations = '{}', classes = '{class com.study.dubbo.ProviderApplication}', contextInitializerClasses = '[]', activeProfiles = '{}', propertySourceLocations = '{}', propertySourceProperties = '{org.springframework.boot.test.context.SpringBootTestContextBootstrapper=true}', contextCustomizers = set[org.springframework.boot.test.context.SpringBootTestContextCustomizer@5ec0a365, org.springframework.boot.test.context.filter.ExcludeFilterContextCustomizer@2ac273d3, org.springframework.boot.test.json.DuplicateJsonObjectContextCustomizerFactory$DuplicateJsonObjectContextCustomizer@6fc6f14e, org.springframework.boot.test.mock.mockito.MockitoContextCustomizer@0, org.springframework.boot.test.autoconfigure.properties.PropertyMappingContextCustomizer@0, org.springframework.boot.test.autoconfigure.web.servlet.WebDriverContextCustomizerFactory$Customizer@887af79], contextLoader = 'org.springframework.boot.test.context.SpringBootContextLoader', parent = [null]]]].
14:03:18.005 [main] DEBUG org.springframework.core.env.StandardEnvironment - Adding PropertySource 'systemProperties' with lowest search precedence
14:03:18.006 [main] DEBUG org.springframework.core.env.StandardEnvironment - Adding PropertySource 'systemEnvironment' with lowest search precedence
14:03:18.006 [main] DEBUG org.springframework.core.env.StandardEnvironment - Initialized StandardEnvironment with PropertySources [MapPropertySource@2114684409 {name='systemProperties', properties={java.runtime.name=Java(TM) SE Runtime Environment, sun.boot.library.path=D:\java\jdk1.8.0_112_x64\jdk1.8.0_112_x64\jre\bin, java.vm.version=25.112-b01, java.vm.vendor=Oracle Corporation, java.vendor.url=http://java.oracle.com/, path.separator=;, java.vm.name=Java HotSpot(TM) 64-Bit Server VM, file.encoding.pkg=sun.io, user.country=CN, user.script=, sun.java.launcher=SUN_STANDARD, sun.os.patch.level=Service Pack 1, java.vm.specification.name=Java Virtual Machine Specification, user.dir=D:\dubbo\dubbo-springboot\provider, java.runtime.version=1.8.0_112-ea-b01, basedir=D:\dubbo\dubbo-springboot\provider, java.awt.graphicsenv=sun.awt.Win32GraphicsEnvironment, java.endorsed.dirs=D:\java\jdk1.8.0_112_x64\jdk1.8.0_112_x64\jre\lib\endorsed, os.arch=amd64, surefire.real.class.path=D:\dubbo\dubbo-springboot\provider\target\surefire\surefirebooter3372531081295442781.jar, java.io.tmpdir=C:\Users\ADMINI~1.USE\AppData\Local\Temp\, line.separator=
, java.vm.specification.vendor=Oracle Corporation, user.variant=, os.name=Windows 7, sun.jnu.encoding=GBK, java.library.path=D:\java\jdk1.8.0_112_x64\jdk1.8.0_112_x64\jre\bin;C:\Windows\Sun\Java\bin;C:\Windows\system32;C:\Windows;C:\Windows\system32;C:\Windows;C:\Windows\System32\Wbem;C:\Windows\System32\WindowsPowerShell\v1.0\;D:\java\jdk1.7.0_79_x64\bin;D:\java\git\Git\cmd;D:\apache-maven-3.3.9\bin;C:\Program Files\MongoDB\Server\3.0\bin;C:\Users\Administrator.USER-20190408IE\AppData\Local\Programs\Fiddler;., surefire.test.class.path=D:\dubbo\dubbo-springboot\provider\target\test-classes;D:\dubbo\dubbo-springboot\provider\target\classes;D:\maven-repository\com\alibaba\boot\dubbo-spring-boot-starter\0.1.2.RELEASE\dubbo-spring-boot-starter-0.1.2.RELEASE.jar;D:\maven-repository\com\alibaba\dubbo\2.6.5\dubbo-2.6.5.jar;D:\maven-repository\org\springframework\spring-context\4.3.24.RELEASE\spring-context-4.3.24.RELEASE.jar;D:\maven-repository\org\springframework\spring-aop\4.3.24.RELEASE\spring-aop-4.3.24.RELEASE.jar;D:\maven-repository\org\springframework\spring-beans\4.3.24.RELEASE\spring-beans-4.3.24.RELEASE.jar;D:\maven-repository\org\springframework\spring-expression\4.3.24.RELEASE\spring-expression-4.3.24.RELEASE.jar;D:\maven-repository\org\javassist\javassist\3.21.0-GA\javassist-3.21.0-GA.jar;D:\maven-repository\org\jboss\netty\netty\3.2.5.Final\netty-3.2.5.Final.jar;D:\maven-repository\org\apache\curator\curator-framework\2.12.0\curator-framework-2.12.0.jar;D:\maven-repository\org\apache\curator\curator-client\2.12.0\curator-client-2.12.0.jar;D:\maven-repository\com\google\guava\guava\16.0.1\guava-16.0.1.jar;D:\maven-repository\com\alibaba\boot\dubbo-spring-boot-autoconfigure\0.1.2.RELEASE\dubbo-spring-boot-autoconfigure-0.1.2.RELEASE.jar;D:\maven-repository\com\alibaba\spring\spring-context-support\1.0.2\spring-context-support-1.0.2.jar;D:\maven-repository\com\alibaba\boot\dubbo-spring-boot-actuator\0.1.2.RELEASE\dubbo-spring-boot-actuator-0.1.2.RELEASE.jar;D:\maven-repository\org\apache\zookeeper\zookeeper\3.4.10\zookeeper-3.4.10.jar;D:\maven-repository\org\slf4j\slf4j-api\1.7.26\slf4j-api-1.7.26.jar;D:\maven-repository\log4j\log4j\1.2.16\log4j-1.2.16.jar;D:\maven-repository\jline\jline\0.9.94\jline-0.9.94.jar;D:\maven-repository\io\netty\netty\3.10.5.Final\netty-3.10.5.Final.jar;D:\maven-repository\org\springframework\boot\spring-boot-starter\1.5.21.RELEASE\spring-boot-starter-1.5.21.RELEASE.jar;D:\maven-repository\org\springframework\boot\spring-boot\1.5.21.RELEASE\spring-boot-1.5.21.RELEASE.jar;D:\maven-repository\org\springframework\boot\spring-boot-autoconfigure\1.5.21.RELEASE\spring-boot-autoconfigure-1.5.21.RELEASE.jar;D:\maven-repository\org\springframework\boot\spring-boot-starter-logging\1.5.21.RELEASE\spring-boot-starter-logging-1.5.21.RELEASE.jar;D:\maven-repository\ch\qos\logback\logback-classic\1.1.11\logback-classic-1.1.11.jar;D:\maven-repository\ch\qos\logback\logback-core\1.1.11\logback-core-1.1.11.jar;D:\maven-repository\org\slf4j\jcl-over-slf4j\1.7.26\jcl-over-slf4j-1.7.26.jar;D:\maven-repository\org\slf4j\jul-to-slf4j\1.7.26\jul-to-slf4j-1.7.26.jar;D:\maven-repository\org\slf4j\log4j-over-slf4j\1.7.26\log4j-over-slf4j-1.7.26.jar;D:\maven-repository\org\springframework\spring-core\4.3.24.RELEASE\spring-core-4.3.24.RELEASE.jar;D:\maven-repository\org\yaml\snakeyaml\1.17\snakeyaml-1.17.jar;D:\maven-repository\com\alibaba\druid-spring-boot-starter\1.1.5\druid-spring-boot-starter-1.1.5.jar;D:\maven-repository\com\alibaba\druid\1.1.5\druid-1.1.5.jar;D:\maven-repository\mysql\mysql-connector-java\5.1.47\mysql-connector-java-5.1.47.jar;D:\maven-repository\org\mybatis\spring\boot\mybatis-spring-boot-starter\1.3.1\mybatis-spring-boot-starter-1.3.1.jar;D:\maven-repository\org\springframework\boot\spring-boot-starter-jdbc\1.5.21.RELEASE\spring-boot-starter-jdbc-1.5.21.RELEASE.jar;D:\maven-repository\org\apache\tomcat\tomcat-jdbc\8.5.40\tomcat-jdbc-8.5.40.jar;D:\maven-repository\org\apache\tomcat\tomcat-juli\8.5.40\tomcat-juli-8.5.40.jar;D:\maven-repository\org\springframework\spring-jdbc\4.3.24.RELEASE\spring-jdbc-4.3.24.RELEASE.jar;D:\maven-repository\org\springframework\spring-tx\4.3.24.RELEASE\spring-tx-4.3.24.RELEASE.jar;D:\maven-repository\org\mybatis\spring\boot\mybatis-spring-boot-autoconfigure\1.3.1\mybatis-spring-boot-autoconfigure-1.3.1.jar;D:\maven-repository\org\mybatis\mybatis\3.4.5\mybatis-3.4.5.jar;D:\maven-repository\org\mybatis\mybatis-spring\1.3.1\mybatis-spring-1.3.1.jar;D:\maven-repository\org\springframework\boot\spring-boot-starter-test\1.5.21.RELEASE\spring-boot-starter-test-1.5.21.RELEASE.jar;D:\maven-repository\org\springframework\boot\spring-boot-test\1.5.21.RELEASE\spring-boot-test-1.5.21.RELEASE.jar;D:\maven-repository\org\springframework\boot\spring-boot-test-autoconfigure\1.5.21.RELEASE\spring-boot-test-autoconfigure-1.5.21.RELEASE.jar;D:\maven-repository\com\jayway\jsonpath\json-path\2.2.0\json-path-2.2.0.jar;D:\maven-repository\net\minidev\json-smart\2.2.1\json-smart-2.2.1.jar;D:\maven-repository\net\minidev\accessors-smart\1.1\accessors-smart-1.1.jar;D:\maven-repository\org\ow2\asm\asm\5.0.3\asm-5.0.3.jar;D:\maven-repository\junit\junit\4.12\junit-4.12.jar;D:\maven-repository\org\assertj\assertj-core\2.6.0\assertj-core-2.6.0.jar;D:\maven-repository\org\mockito\mockito-core\1.10.19\mockito-core-1.10.19.jar;D:\maven-repository\org\objenesis\objenesis\2.1\objenesis-2.1.jar;D:\maven-repository\org\hamcrest\hamcrest-core\1.3\hamcrest-core-1.3.jar;D:\maven-repository\org\hamcrest\hamcrest-library\1.3\hamcrest-library-1.3.jar;D:\maven-repository\org\skyscreamer\jsonassert\1.4.0\jsonassert-1.4.0.jar;D:\maven-repository\com\vaadin\external\google\android-json\0.0.20131108.vaadin1\android-json-0.0.20131108.vaadin1.jar;D:\maven-repository\org\springframework\spring-test\4.3.24.RELEASE\spring-test-4.3.24.RELEASE.jar;D:\maven-repository\com\study\dubbo\interface\0.0.1-SNAPSHOT\interface-0.0.1-SNAPSHOT.jar;, java.specification.name=Java Platform API Specification, java.class.version=52.0, sun.management.compiler=HotSpot 64-Bit Tiered Compilers, maven.repo.local=D:\maven-repository, os.version=6.1, user.home=C:\Users\Administrator.USER-20190408IE, user.timezone=Asia/Shanghai, java.awt.printerjob=sun.awt.windows.WPrinterJob, file.encoding=GBK, java.specification.version=1.8, java.class.path=D:\dubbo\dubbo-springboot\provider\target\test-classes;D:\dubbo\dubbo-springboot\provider\target\classes;D:\maven-repository\com\alibaba\boot\dubbo-spring-boot-starter\0.1.2.RELEASE\dubbo-spring-boot-starter-0.1.2.RELEASE.jar;D:\maven-repository\com\alibaba\dubbo\2.6.5\dubbo-2.6.5.jar;D:\maven-repository\org\springframework\spring-context\4.3.24.RELEASE\spring-context-4.3.24.RELEASE.jar;D:\maven-repository\org\springframework\spring-aop\4.3.24.RELEASE\spring-aop-4.3.24.RELEASE.jar;D:\maven-repository\org\springframework\spring-beans\4.3.24.RELEASE\spring-beans-4.3.24.RELEASE.jar;D:\maven-repository\org\springframework\spring-expression\4.3.24.RELEASE\spring-expression-4.3.24.RELEASE.jar;D:\maven-repository\org\javassist\javassist\3.21.0-GA\javassist-3.21.0-GA.jar;D:\maven-repository\org\jboss\netty\netty\3.2.5.Final\netty-3.2.5.Final.jar;D:\maven-repository\org\apache\curator\curator-framework\2.1
[...]
	at java.net.URLClassLoader.findClass(URLClassLoader.java:361) ~[na:1.8.0_112-ea]
	at java.lang.ClassLoader.loadClass(ClassLoader.java:424) ~[na:1.8.0_112-ea]
	at sun.misc.Launcher$AppClassLoader.loadClass(Launcher.java:331) ~[na:1.8.0_112-ea]
	at java.lang.ClassLoader.loadClass(ClassLoader.java:357) ~[na:1.8.0_112-ea]
	at org.springframework.util.ClassUtils.forName(ClassUtils.java:251) ~[spring-core-4.3.24.RELEASE.jar:4.3.24.RELEASE]
	at org.springframework.util.ClassUtils.resolveClassName(ClassUtils.java:285) ~[spring-core-4.3.24.RELEASE.jar:4.3.24.RELEASE]
	... 41 common frames omitted
Caused by: java.lang.ClassNotFoundException: com.study.dubbo.service.ContactService
	at java.net.URLClassLoader.findClass(URLClassLoader.java:381) ~[na:1.8.0_112-ea]
	at java.lang.ClassLoader.loadClass(ClassLoader.java:424) ~[na:1.8.0_112-ea]
	at sun.misc.Launcher$AppClassLoader.loadClass(Launcher.java:331) ~[na:1.8.0_112-ea]
	at java.lang.ClassLoader.loadClass(ClassLoader.java:357) ~[na:1.8.0_112-ea]
	... 55 common frames omitted

2019-06-12 14:03:18.874  INFO 4968 --- [           main] s.c.a.AnnotationConfigApplicationContext : Closing org.springframework.context.annotation.AnnotationConfigApplicationContext@85e6769: startup date [Wed Jun 12 14:03:18 CST 2019]; root of context hierarchy
2019-06-12 14:03:18.876  WARN 4968 --- [           main] o.s.boot.SpringApplication               : Unable to close ApplicationContext

org.springframework.beans.factory.CannotLoadBeanClassException: Error loading class [com.study.dubbo.service.impl.ContactServiceImpl] for bean with name 'contactServiceImpl' defined in file [D:\dubbo\dubbo-springboot\provider\target\classes\com\study\dubbo\service\impl\ContactServiceImpl.class]: problem with class file or dependent class; nested exception is java.lang.NoClassDefFoundError: com/study/dubbo/service/ContactService
	at org.springframework.beans.factory.support.AbstractBeanFactory.resolveBeanClass(AbstractBeanFactory.java:1400) ~[spring-beans-4.3.24.RELEASE.jar:4.3.24.RELEASE]
	at org.springframework.beans.factory.support.AbstractAutowireCapableBeanFactory.determineTargetType(AbstractAutowireCapableBeanFactory.java:639) ~[spring-beans-4.3.24.RELEASE.jar:4.3.24.RELEASE]
	at org.springframework.beans.factory.support.AbstractAutowireCapableBeanFactory.predictBeanType(AbstractAutowireCapableBeanFactory.java:607) ~[spring-beans-4.3.24.RELEASE.jar:4.3.24.RELEASE]
	at org.springframework.beans.factory.support.AbstractBeanFactory.isFactoryBean(AbstractBeanFactory.java:1496) ~[spring-beans-4.3.24.RELEASE.jar:4.3.24.RELEASE]
	at org.springframework.beans.factory.support.DefaultListableBeanFactory.doGetBeanNamesForType(DefaultListableBeanFactory.java:425) ~[spring-beans-4.3.24.RELEASE.jar:4.3.24.RELEASE]
	at org.springframework.beans.factory.support.DefaultListableBeanFactory.getBeanNamesForType(DefaultListableBeanFactory.java:395) ~[spring-beans-4.3.24.RELEASE.jar:4.3.24.RELEASE]
	at org.springframework.beans.factory.support.DefaultListableBeanFactory.getBeansOfType(DefaultListableBeanFactory.java:515) ~[spring-beans-4.3.24.RELEASE.jar:4.3.24.RELEASE]
	at org.springframework.beans.factory.support.DefaultListableBeanFactory.getBeansOfType(DefaultListableBeanFactory.java:508) ~[spring-beans-4.3.24.RELEASE.jar:4.3.24.RELEASE]
	at org.springframework.context.support.AbstractApplicationContext.getBeansOfType(AbstractApplicationContext.java:1190) ~[spring-context-4.3.24.RELEASE.jar:4.3.24.RELEASE]
	at org.springframework.boot.SpringApplication.getExitCodeFromMappedException(SpringApplication.java:818) [spring-boot-1.5.21.RELEASE.jar:1.5.21.RELEASE]
	at org.springframework.boot.SpringApplication.getExitCodeFromException(SpringApplication.java:804) [spring-boot-1.5.21.RELEASE.jar:1.5.21.RELEASE]
	at org.springframework.boot.SpringApplication.handleExitCode(SpringApplication.java:790) [spring-boot-1.5.21.RELEASE.jar:1.5.21.RELEASE]
	at org.springframework.boot.SpringApplication.handleRunFailure(SpringApplication.java:744) [spring-boot-1.5.21.RELEASE.jar:1.5.21.RELEASE]
	at org.springframework.boot.SpringApplication.run(SpringApplication.java:314) [spring-boot-1.5.21.RELEASE.jar:1.5.21.RELEASE]
	at org.springframework.boot.test.context.SpringBootContextLoader.loadContext(SpringBootContextLoader.java:121) [spring-boot-test-1.5.21.RELEASE.jar:1.5.21.RELEASE]
	at org.springframework.test.context.cache.DefaultCacheAwareContextLoaderDelegate.loadContextInternal(DefaultCacheAwareContextLoaderDelegate.java:98) [spring-test-4.3.24.RELEASE.jar:4.3.24.RELEASE]
	at org.springframework.test.context.cache.DefaultCacheAwareContextLoaderDelegate.loadContext(DefaultCacheAwareContextLoaderDelegate.java:116) [spring-test-4.3.24.RELEASE.jar:4.3.24.RELEASE]
	at org.springframework.test.context.support.DefaultTestContext.getApplicationContext(DefaultTestContext.java:83) [spring-test-4.3.24.RELEASE.jar:4.3.24.RELEASE]
	at org.springframework.boot.test.autoconfigure.SpringBootDependencyInjectionTestExecutionListener.outputConditionEvaluationReport(SpringBootDependencyInjectionTestExecutionListener.java:54) [spring-boot-test-autoconfigure-1.5.21.RELEASE.jar:1.5.21.RELEASE]
	at org.springframework.boot.test.autoconfigure.SpringBootDependencyInjectionTestExecutionListener.prepareTestInstance(SpringBootDependencyInjectionTestExecutionListener.java:47) [spring-boot-test-autoconfigure-1.5.21.RELEASE.jar:1.5.21.RELEASE]
	at org.springframework.test.context.TestContextManager.prepareTestInstance(TestContextManager.java:230) [spring-test-4.3.24.RELEASE.jar:4.3.24.RELEASE]
	at org.springframework.test.context.junit4.SpringJUnit4ClassRunner.createTest(SpringJUnit4ClassRunner.java:228) [spring-test-4.3.24.RELEASE.jar:4.3.24.RELEASE]
	at org.springframework.test.context.junit4.SpringJUnit4ClassRunner$1.runReflectiveCall(SpringJUnit4ClassRunner.java:287) [spring-test-4.3.24.RELEASE.jar:4.3.24.RELEASE]
	at org.junit.internal.runners.model.ReflectiveCallable.run(ReflectiveCallable.java:12) [junit-4.12.jar:4.12]
	at org.springframework.test.context.junit4.SpringJUnit4ClassRunner.methodBlock(SpringJUnit4ClassRunner.java:289) [spring-test-4.3.24.RELEASE.jar:4.3.24.RELEASE]
	at org.springframework.test.context.junit4.SpringJUnit4ClassRunner.runChild(SpringJUnit4ClassRunner.java:247) [spring-test-4.3.24.RELEASE.jar:4.3.24.RELEASE]
	at org.springframework.test.context.junit4.SpringJUnit4ClassRunner.runChild(SpringJUnit4ClassRunner.java:94) [spring-test-4.3.24.RELEASE.jar:4.3.24.RELEASE]
	at org.junit.runners.ParentRunner$3.run(ParentRunner.java:290) [junit-4.12.jar:4.12]
	at org.junit.runners.ParentRunner$1.schedule(ParentRunner.java:71) [junit-4.12.jar:4.12]
	at org.junit.runners.ParentRunner.runChildren(ParentRunner.java:288) [junit-4.12.jar:4.12]
	at org.junit.runners.ParentRunner.access$000(ParentRunner.java:58) [junit-4.12.jar:4.12]
	at org.junit.runners.ParentRunner$2.evaluate(ParentRunner.java:268) [junit-4.12.jar:4.12]
	at org.springframework.test.context.junit4.statements.RunBeforeTestClassCallbacks.evaluate(RunBeforeTestClassCallbacks.java:61) [spring-test-4.3.24.RELEASE.jar:4.3.24.RELEASE]
	at org.springframework.test.context.junit4.statements.RunAfterTestClassCallbacks.evaluate(RunAfterTestClassCallbacks.java:70) [spring-test-4.3.24.RELEASE.jar:4.3.24.RELEASE]
	at org.junit.runners.ParentRunner.run(ParentRunner.java:363) [junit-4.12.jar:4.12]
	at org.springframework.test.context.junit4.SpringJUnit4ClassRunner.run(SpringJUnit4ClassRunner.java:191) [spring-test-4.3.24.RELEASE.jar:4.3.24.RELEASE]
	at org.apache.maven.surefire.junit4.JUnit4Provider.execute(JUnit4Provider.java:283) [surefire-junit4-2.18.1.jar:2.18.1]
	at org.apache.maven.surefire.junit4.JUnit4Provider.executeWithRerun(JUnit4Provider.java:173) [surefire-junit4-2.18.1.jar:2.18.1]
	at org.apache.maven.surefire.junit4.JUnit4Provider.executeTestSet(JUnit4Provider.java:153) [surefire-junit4-2.18.1.jar:2.18.1]
	at org.apache.maven.surefire.junit4.JUnit4Provider.invoke(JUnit4Provider.java:128) [surefire-junit4-2.18.1.jar:2.18.1]
	at org.apache.maven.surefire.booter.ForkedBooter.invokeProviderInSameClassLoader(ForkedBooter.java:203) [surefire-booter-2.18.1.jar:2.18.1]
	at org.apache.maven.surefire.booter.ForkedBooter.runSuitesInProcess(ForkedBooter.java:155) [surefire-booter-2.18.1.jar:2.18.1]
	at org.apache.maven.surefire.booter.ForkedBooter.main(ForkedBooter.java:103) [surefire-booter-2.18.1.jar:2.18.1]
Caused by: java.lang.NoClassDefFoundError: com/study/dubbo/service/ContactService
	at java.lang.ClassLoader.defineClass1(Native Method) ~[na:1.8.0_112-ea]
	at java.lang.ClassLoader.defineClass(ClassLoader.java:763) ~[na:1.8.0_112-ea]
	at java.security.SecureClassLoader.defineClass(SecureClassLoader.java:142) ~[na:1.8.0_112-ea]
	at java.net.URLClassLoader.defineClass(URLClassLoader.java:467) ~[na:1.8.0_112-ea]
	at java.net.URLClassLoader.access$100(URLClassLoader.java:73) ~[na:1.8.0_112-ea]
	at java.net.URLClassLoader$1.run(URLClassLoader.java:368) ~[na:1.8.0_112-ea]
	at java.net.URLClassLoader$1.run(URLClassLoader.java:362) ~[na:1.8.0_112-ea]
	at java.security.AccessController.doPrivileged(Native Method) ~[na:1.8.0_112-ea]
	at java.net.URLClassLoader.findClass(URLClassLoader.java:361) ~[na:1.8.0_112-ea]
	at java.lang.ClassLoader.loadClass(ClassLoader.java:424) ~[na:1.8.0_112-ea]
	at sun.misc.Launcher$AppClassLoader.loadClass(Launcher.java:331) ~[na:1.8.0_112-ea]
	at java.lang.ClassLoader.loadClass(ClassLoader.java:357) ~[na:1.8.0_112-ea]
	at org.springframework.util.ClassUtils.forName(ClassUtils.java:251) ~[spring-core-4.3.24.RELEASE.jar:4.3.24.RELEASE]
	at org.springframework.beans.factory.support.AbstractBeanDefinition.resolveBeanClass(AbstractBeanDefinition.java:402) ~[spring-beans-4.3.24.RELEASE.jar:4.3.24.RELEASE]
	at org.springframework.beans.factory.support.AbstractBeanFactory.doResolveBeanClass(AbstractBeanFactory.java:1444) ~[spring-beans-4.3.24.RELEASE.jar:4.3.24.RELEASE]
	at org.springframework.beans.factory.support.AbstractBeanFactory.resolveBeanClass(AbstractBeanFactory.java:1389) ~[spring-beans-4.3.24.RELEASE.jar:4.3.24.RELEASE]
	... 42 common frames omitted
Caused by: java.lang.ClassNotFoundException: com.study.dubbo.service.ContactService
	at java.net.URLClassLoader.findClass(URLClassLoader.java:381) ~[na:1.8.0_112-ea]
	at java.lang.ClassLoader.loadClass(ClassLoader.java:424) ~[na:1.8.0_112-ea]
	at sun.misc.Launcher$AppClassLoader.loadClass(Launcher.java:331) ~[na:1.8.0_112-ea]
	at java.lang.ClassLoader.loadClass(ClassLoader.java:357) ~[na:1.8.0_112-ea]
	... 58 common frames omitted

2019-06-12 14:03:18.878 ERROR 4968 --- [           main] o.s.test.context.TestContextManager      : Caught exception while allowing TestExecutionListener [org.springframework.boot.test.autoconfigure.SpringBootDependencyInjectionTestExecutionListener@44a664f2] to prepare test instance [com.study.dubbo.ProviderApplicationTests@2145433b]

java.lang.IllegalStateException: Failed to load ApplicationContext
	at org.springframework.test.context.cache.DefaultCacheAwareContextLoaderDelegate.loadContext(DefaultCacheAwareContextLoaderDelegate.java:124) ~[spring-test-4.3.24.RELEASE.jar:4.3.24.RELEASE]
	at org.springframework.test.context.support.DefaultTestContext.getApplicationContext(DefaultTestContext.java:83) ~[spring-test-4.3.24.RELEASE.jar:4.3.24.RELEASE]
	at org.springframework.test.context.support.DependencyInjectionTestExecutionListener.injectDependencies(DependencyInjectionTestExecutionListener.java:117) ~[spring-test-4.3.24.RELEASE.jar:4.3.24.RELEASE]
	at org.springframework.test.context.support.DependencyInjectionTestExecutionListener.prepareTestInstance(DependencyInjectionTestExecutionListener.java:83) ~[spring-test-4.3.24.RELEASE.jar:4.3.24.RELEASE]
	at org.springframework.boot.test.autoconfigure.SpringBootDependencyInjectionTestExecutionListener.prepareTestInstance(SpringBootDependencyInjectionTestExecutionListener.java:44) ~[spring-boot-test-autoconfigure-1.5.21.RELEASE.jar:1.5.21.RELEASE]
	at org.springframework.test.context.TestContextManager.prepareTestInstance(TestContextManager.java:230) ~[spring-test-4.3.24.RELEASE.jar:4.3.24.RELEASE]
	at org.springframework.test.context.junit4.SpringJUnit4ClassRunner.createTest(SpringJUnit4ClassRunner.java:228) [spring-test-4.3.24.RELEASE.jar:4.3.24.RELEASE]
	at org.springframework.test.context.junit4.SpringJUnit4ClassRunner$1.runReflectiveCall(SpringJUnit4ClassRunner.java:287) [spring-test-4.3.24.RELEASE.jar:4.3.24.RELEASE]
	at org.junit.internal.runners.model.ReflectiveCallable.run(ReflectiveCallable.java:12) [junit-4.12.jar:4.12]
	at org.springframework.test.context.junit4.SpringJUnit4ClassRunner.methodBlock(SpringJUnit4ClassRunner.java:289) [spring-test-4.3.24.RELEASE.jar:4.3.24.RELEASE]
	at org.springframework.test.context.junit4.SpringJUnit4ClassRunner.runChild(SpringJUnit4ClassRunner.java:247) [spring-test-4.3.24.RELEASE.jar:4.3.24.RELEASE]
	at org.springframework.test.context.junit4.SpringJUnit4ClassRunner.runChild(SpringJUnit4ClassRunner.java:94) [spring-test-4.3.24.RELEASE.jar:4.3.24.RELEASE]
	at org.junit.runners.ParentRunner$3.run(ParentRunner.java:290) [junit-4.12.jar:4.12]
	at org.junit.runners.ParentRunner$1.schedule(ParentRunner.java:71) [junit-4.12.jar:4.12]
	at org.junit.runners.ParentRunner.runChildren(ParentRunner.java:288) [junit-4.12.jar:4.12]
	at org.junit.runners.ParentRunner.access$000(ParentRunner.java:58) [junit-4.12.jar:4.12]
	at org.junit.runners.ParentRunner$2.evaluate(ParentRunner.java:268) [junit-4.12.jar:4.12]
	at org.springframework.test.context.junit4.statements.RunBeforeTestClassCallbacks.evaluate(RunBeforeTestClassCallbacks.java:61) [spring-test-4.3.24.RELEASE.jar:4.3.24.RELEASE]
	at org.springframework.test.context.junit4.statements.RunAfterTestClassCallbacks.evaluate(RunAfterTestClassCallbacks.java:70) [spring-test-4.3.24.RELEASE.jar:4.3.24.RELEASE]
	at org.junit.runners.ParentRunner.run(ParentRunner.java:363) [junit-4.12.jar:4.12]
	at org.springframework.test.context.junit4.SpringJUnit4ClassRunner.run(SpringJUnit4ClassRunner.java:191) [spring-test-4.3.24.RELEASE.jar:4.3.24.RELEASE]
	at org.apache.maven.surefire.junit4.JUnit4Provider.execute(JUnit4Provider.java:283) [surefire-junit4-2.18.1.jar:2.18.1]
	at org.apache.maven.surefire.junit4.JUnit4Provider.executeWithRerun(JUnit4Provider.java:173) [surefire-junit4-2.18.1.jar:2.18.1]
	at org.apache.maven.surefire.junit4.JUnit4Provider.executeTestSet(JUnit4Provider.java:153) [surefire-junit4-2.18.1.jar:2.18.1]
	at org.apache.maven.surefire.junit4.JUnit4Provider.invoke(JUnit4Provider.java:128) [surefire-junit4-2.18.1.jar:2.18.1]
	at org.apache.maven.surefire.booter.ForkedBooter.invokeProviderInSameClassLoader(ForkedBooter.java:203) [surefire-booter-2.18.1.jar:2.18.1]
	at org.apache.maven.surefire.booter.ForkedBooter.runSuitesInProcess(ForkedBooter.java:155) [surefire-booter-2.18.1.jar:2.18.1]
	at org.apache.maven.surefire.booter.ForkedBooter.main(ForkedBooter.java:103) [surefire-booter-2.18.1.jar:2.18.1]
Caused by: java.lang.IllegalArgumentException: Unresolvable class definition for class [com.study.dubbo.service.impl.ContactServiceImpl]
	at org.springframework.util.ClassUtils.resolveClassName(ClassUtils.java:291) ~[spring-core-4.3.24.RELEASE.jar:4.3.24.RELEASE]
	at com.alibaba.dubbo.config.spring.beans.factory.annotation.ServiceAnnotationBeanPostProcessor.resolveClass(ServiceAnnotationBeanPostProcessor.java:348) ~[dubbo-2.6.5.jar:2.6.5]
	at com.alibaba.dubbo.config.spring.beans.factory.annotation.ServiceAnnotationBeanPostProcessor.resolveClass(ServiceAnnotationBeanPostProcessor.java:340) ~[dubbo-2.6.5.jar:2.6.5]
	at com.alibaba.dubbo.config.spring.beans.factory.annotation.ServiceAnnotationBeanPostProcessor.registerServiceBean(ServiceAnnotationBeanPostProcessor.java:247) ~[dubbo-2.6.5.jar:2.6.5]
	at com.alibaba.dubbo.config.spring.beans.factory.annotation.ServiceAnnotationBeanPostProcessor.registerServiceBeans(ServiceAnnotationBeanPostProcessor.java:143) ~[dubbo-2.6.5.jar:2.6.5]
	at com.alibaba.dubbo.config.spring.beans.factory.annotation.ServiceAnnotationBeanPostProcessor.postProcessBeanDefinitionRegistry(ServiceAnnotationBeanPostProcessor.java:104) ~[dubbo-2.6.5.jar:2.6.5]
	at org.springframework.context.support.PostProcessorRegistrationDelegate.invokeBeanDefinitionRegistryPostProcessors(PostProcessorRegistrationDelegate.java:272) ~[spring-context-4.3.24.RELEASE.jar:4.3.24.RELEASE]
	at org.springframework.context.support.PostProcessorRegistrationDelegate.invokeBeanFactoryPostProcessors(PostProcessorRegistrationDelegate.java:122) ~[spring-context-4.3.24.RELEASE.jar:4.3.24.RELEASE]
	at org.springframework.context.support.AbstractApplicationContext.invokeBeanFactoryPostProcessors(AbstractApplicationContext.java:687) ~[spring-context-4.3.24.RELEASE.jar:4.3.24.RELEASE]
	at org.springframework.context.support.AbstractApplicationContext.refresh(AbstractApplicationContext.java:524) ~[spring-context-4.3.24.RELEASE.jar:4.3.24.RELEASE]
	at org.springframework.boot.SpringApplication.refresh(SpringApplication.java:693) ~[spring-boot-1.5.21.RELEASE.jar:1.5.21.RELEASE]
	at org.springframework.boot.SpringApplication.refreshContext(SpringApplication.java:360) ~[spring-boot-1.5.21.RELEASE.jar:1.5.21.RELEASE]
	at org.springframework.boot.SpringApplication.run(SpringApplication.java:303) ~[spring-boot-1.5.21.RELEASE.jar:1.5.21.RELEASE]
	at org.springframework.boot.test.context.SpringBootContextLoader.loadContext(SpringBootContextLoader.java:121) ~[spring-boot-test-1.5.21.RELEASE.jar:1.5.21.RELEASE]
	at org.springframework.test.context.cache.DefaultCacheAwareContextLoaderDelegate.loadContextInternal(DefaultCacheAwareContextLoaderDelegate.java:98) ~[spring-test-4.3.24.RELEASE.jar:4.3.24.RELEASE]
	at org.springframework.test.context.cache.DefaultCacheAwareContextLoaderDelegate.loadContext(DefaultCacheAwareContextLoaderDelegate.java:116) ~[spring-test-4.3.24.RELEASE.jar:4.3.24.RELEASE]
	... 27 common frames omitted
Caused by: java.lang.NoClassDefFoundError: com/study/dubbo/service/ContactService
	at java.lang.ClassLoader.defineClass1(Native Method) ~[na:1.8.0_112-ea]
	at java.lang.ClassLoader.defineClass(ClassLoader.java:763) ~[na:1.8.0_112-ea]
	at java.security.SecureClassLoader.defineClass(SecureClassLoader.java:142) ~[na:1.8.0_112-ea]
	at java.net.URLClassLoader.defineClass(URLClassLoader.java:467) ~[na:1.8.0_112-ea]
	at java.net.URLClassLoader.access$100(URLClassLoader.java:73) ~[na:1.8.0_112-ea]
	at java.net.URLClassLoader$1.run(URLClassLoader.java:368) ~[na:1.8.0_112-ea]
	at java.net.URLClassLoader$1.run(URLClassLoader.java:362) ~[na:1.8.0_112-ea]
	at java.security.AccessController.doPrivileged(Native Method) ~[na:1.8.0_112-ea]
	at java.net.URLClassLoader.findClass(URLClassLoader.java:361) ~[na:1.8.0_112-ea]
	at java.lang.ClassLoader.loadClass(ClassLoader.java:424) ~[na:1.8.0_112-ea]
	at sun.misc.Launcher$AppClassLoader.loadClass(Launcher.java:331) ~[na:1.8.0_112-ea]
	at java.lang.ClassLoader.loadClass(ClassLoader.java:357) ~[na:1.8.0_112-ea]
	at org.springframework.util.ClassUtils.forName(ClassUtils.java:251) ~[spring-core-4.3.24.RELEASE.jar:4.3.24.RELEASE]
	at org.springframework.util.ClassUtils.resolveClassName(ClassUtils.java:285) ~[spring-core-4.3.24.RELEASE.jar:4.3.24.RELEASE]
	... 42 common frames omitted
Caused by: java.lang.ClassNotFoundException: com.study.dubbo.service.ContactService
	at java.net.URLClassLoader.findClass(URLClassLoader.java:381) ~[na:1.8.0_112-ea]
	at java.lang.ClassLoader.loadClass(ClassLoader.java:424) ~[na:1.8.0_112-ea]
	at sun.misc.Launcher$AppClassLoader.loadClass(Launcher.java:331) ~[na:1.8.0_112-ea]
	at java.lang.ClassLoader.loadClass(ClassLoader.java:357) ~[na:1.8.0_112-ea]
	... 56 common frames omitted

]]></system-out>
    <system-err><![CDATA[log4j:WARN No appenders could be found for logger (com.alibaba.dubbo.common.logger.LoggerFactory).
log4j:WARN Please initialize the log4j system properly.
log4j:WARN See http://logging.apache.org/log4j/1.2/faq.html#noconfig for more info.
]]></system-err>
  </testcase>
</testsuite>